This is pdfTeX, Version 3.14159265-2.6-1.40.19 (TeX Live 2018) (preloaded format=pdflatex 2018.10.23)  26 OCT 2018 01:02
entering extended mode
 restricted \write18 enabled.
 file:line:error style messages enabled.
 %&-line parsing enabled.
**main.tex
(./main.tex
LaTeX2e <2018-04-01> patch level 5
(/usr/local/texlive/2018/texmf-dist/tex/latex/base/article.cls
Document Class: article 2014/09/29 v1.4h Standard LaTeX document class
(/usr/local/texlive/2018/texmf-dist/tex/latex/base/size10.clo
File: size10.clo 2014/09/29 v1.4h Standard LaTeX file (size option)
)
\c@part=\count80
\c@section=\count81
\c@subsection=\count82
\c@subsubsection=\count83
\c@paragraph=\count84
\c@subparagraph=\count85
\c@figure=\count86
\c@table=\count87
\abovecaptionskip=\skip41
\belowcaptionskip=\skip42
\bibindent=\dimen102
)
(/usr/local/texlive/2018/texmf-dist/tex/latex/base/inputenc.sty
Package: inputenc 2018/04/06 v1.3b Input encoding file
\inpenc@prehook=\toks14
\inpenc@posthook=\toks15
)
(/usr/local/texlive/2018/texmf-dist/tex/latex/geometry/geometry.sty
Package: geometry 2018/04/16 v5.8 Page Geometry

(/usr/local/texlive/2018/texmf-dist/tex/latex/graphics/keyval.sty
Package: keyval 2014/10/28 v1.15 key=value parser (DPC)
\KV@toks@=\toks16
)
(/usr/local/texlive/2018/texmf-dist/tex/generic/oberdiek/ifpdf.sty
Package: ifpdf 2018/09/07 v3.3 Provides the ifpdf switch
)
(/usr/local/texlive/2018/texmf-dist/tex/generic/oberdiek/ifvtex.sty
Package: ifvtex 2016/05/16 v1.6 Detect VTeX and its facilities (HO)
Package ifvtex Info: VTeX not detected.
)
(/usr/local/texlive/2018/texmf-dist/tex/generic/ifxetex/ifxetex.sty
Package: ifxetex 2010/09/12 v0.6 Provides ifxetex conditional
)
\Gm@cnth=\count88
\Gm@cntv=\count89
\c@Gm@tempcnt=\count90
\Gm@bindingoffset=\dimen103
\Gm@wd@mp=\dimen104
\Gm@odd@mp=\dimen105
\Gm@even@mp=\dimen106
\Gm@layoutwidth=\dimen107
\Gm@layoutheight=\dimen108
\Gm@layouthoffset=\dimen109
\Gm@layoutvoffset=\dimen110
\Gm@dimlist=\toks17
)
(/usr/local/texlive/2018/texmf-dist/tex/latex/tools/multicol.sty
Package: multicol 2018/04/20 v1.8s multicolumn formatting (FMi)
\c@tracingmulticols=\count91
\mult@box=\box26
\multicol@leftmargin=\dimen111
\c@unbalance=\count92
\c@collectmore=\count93
\doublecol@number=\count94
\multicoltolerance=\count95
\multicolpretolerance=\count96
\full@width=\dimen112
\page@free=\dimen113
\premulticols=\dimen114
\postmulticols=\dimen115
\multicolsep=\skip43
\multicolbaselineskip=\skip44
\partial@page=\box27
\last@line=\box28
\maxbalancingoverflow=\dimen116
\mult@rightbox=\box29
\mult@grightbox=\box30
\mult@gfirstbox=\box31
\mult@firstbox=\box32
\@tempa=\box33
\@tempa=\box34
\@tempa=\box35
\@tempa=\box36
\@tempa=\box37
\@tempa=\box38
\@tempa=\box39
\@tempa=\box40
\@tempa=\box41
\@tempa=\box42
\@tempa=\box43
\@tempa=\box44
\@tempa=\box45
\@tempa=\box46
\@tempa=\box47
\@tempa=\box48
\@tempa=\box49
\c@columnbadness=\count97
\c@finalcolumnbadness=\count98
\last@try=\dimen117
\multicolovershoot=\dimen118
\multicolundershoot=\dimen119
\mult@nat@firstbox=\box50
\colbreak@box=\box51
\mc@col@check@num=\count99
)
(/usr/local/texlive/2018/texmf-dist/tex/latex/graphics/graphicx.sty
Package: graphicx 2017/06/01 v1.1a Enhanced LaTeX Graphics (DPC,SPQR)

(/usr/local/texlive/2018/texmf-dist/tex/latex/graphics/graphics.sty
Package: graphics 2017/06/25 v1.2c Standard LaTeX Graphics (DPC,SPQR)

(/usr/local/texlive/2018/texmf-dist/tex/latex/graphics/trig.sty
Package: trig 2016/01/03 v1.10 sin cos tan (DPC)
)
(/usr/local/texlive/2018/texmf-dist/tex/latex/graphics-cfg/graphics.cfg
File: graphics.cfg 2016/06/04 v1.11 sample graphics configuration
)
Package graphics Info: Driver file: pdftex.def on input line 99.

(/usr/local/texlive/2018/texmf-dist/tex/latex/graphics-def/pdftex.def
File: pdftex.def 2018/01/08 v1.0l Graphics/color driver for pdftex
))
\Gin@req@height=\dimen120
\Gin@req@width=\dimen121
)
(/usr/local/texlive/2018/texmf-dist/tex/latex/natbib/natbib.sty
Package: natbib 2010/09/13 8.31b (PWD, AO)
\bibhang=\skip45
\bibsep=\skip46
LaTeX Info: Redefining \cite on input line 694.
\c@NAT@ctr=\count100
)
(/usr/local/texlive/2018/texmf-dist/tex/latex/amsmath/amsmath.sty
Package: amsmath 2017/09/02 v2.17a AMS math features
\@mathmargin=\skip47

For additional information on amsmath, use the `?' option.
(/usr/local/texlive/2018/texmf-dist/tex/latex/amsmath/amstext.sty
Package: amstext 2000/06/29 v2.01 AMS text

(/usr/local/texlive/2018/texmf-dist/tex/latex/amsmath/amsgen.sty
File: amsgen.sty 1999/11/30 v2.0 generic functions
\@emptytoks=\toks18
\ex@=\dimen122
))
(/usr/local/texlive/2018/texmf-dist/tex/latex/amsmath/amsbsy.sty
Package: amsbsy 1999/11/29 v1.2d Bold Symbols
\pmbraise@=\dimen123
)
(/usr/local/texlive/2018/texmf-dist/tex/latex/amsmath/amsopn.sty
Package: amsopn 2016/03/08 v2.02 operator names
)
\inf@bad=\count101
LaTeX Info: Redefining \frac on input line 213.
\uproot@=\count102
\leftroot@=\count103
LaTeX Info: Redefining \overline on input line 375.
\classnum@=\count104
\DOTSCASE@=\count105
LaTeX Info: Redefining \ldots on input line 472.
LaTeX Info: Redefining \dots on input line 475.
LaTeX Info: Redefining \cdots on input line 596.
\Mathstrutbox@=\box52
\strutbox@=\box53
\big@size=\dimen124
LaTeX Font Info:    Redeclaring font encoding OML on input line 712.
LaTeX Font Info:    Redeclaring font encoding OMS on input line 713.
\macc@depth=\count106
\c@MaxMatrixCols=\count107
\dotsspace@=\muskip10
\c@parentequation=\count108
\dspbrk@lvl=\count109
\tag@help=\toks19
\row@=\count110
\column@=\count111
\maxfields@=\count112
\andhelp@=\toks20
\eqnshift@=\dimen125
\alignsep@=\dimen126
\tagshift@=\dimen127
\tagwidth@=\dimen128
\totwidth@=\dimen129
\lineht@=\dimen130
\@envbody=\toks21
\multlinegap=\skip48
\multlinetaggap=\skip49
\mathdisplay@stack=\toks22
LaTeX Info: Redefining \[ on input line 2817.
LaTeX Info: Redefining \] on input line 2818.
)
(/usr/local/texlive/2018/texmf-dist/tex/latex/framed/framed.sty
Package: framed 2011/10/22 v 0.96: framed or shaded text with page breaks
\OuterFrameSep=\skip50
\fb@frw=\dimen131
\fb@frh=\dimen132
\FrameRule=\dimen133
\FrameSep=\dimen134
)
(/usr/local/texlive/2018/texmf-dist/tex/latex/psnfss/palatino.sty
Package: palatino 2005/04/12 PSNFSS-v9.2a (SPQR) 
)
(/usr/local/texlive/2018/texmf-dist/tex/latex/textpos/textpos.sty
Package: textpos 2016/06/07 v1.8

Package: textpos 2016/06/07 1.8, absolute positioning of text on the page
(/usr/local/texlive/2018/texmf-dist/tex/latex/ms/everyshi.sty
Package: everyshi 2001/05/15 v3.00 EveryShipout Package (MS)
)
\TP@textbox=\box54
\TP@holdbox=\box55
\TPHorizModule=\dimen135
\TPVertModule=\dimen136
\TP@margin=\dimen137
\TP@absmargin=\dimen138

Grid set 16 x 16 = 37.34424pt x 52.81541pt
\TPboxrulesize=\dimen139
\TP@ox=\dimen140
\TP@oy=\dimen141
\TP@tbargs=\toks23
\TP@prevdepth=\dimen142
TextBlockOrigin set to 0pt x 0pt
) (/usr/local/texlive/2018/texmf-dist/tex/latex/xcolor/xcolor.sty
Package: xcolor 2016/05/11 v2.12 LaTeX color extensions (UK)

(/usr/local/texlive/2018/texmf-dist/tex/latex/graphics-cfg/color.cfg
File: color.cfg 2016/01/02 v1.6 sample color configuration
)
Package xcolor Info: Driver file: pdftex.def on input line 225.
Package xcolor Info: Model `cmy' substituted by `cmy0' on input line 1348.
Package xcolor Info: Model `hsb' substituted by `rgb' on input line 1352.
Package xcolor Info: Model `RGB' extended on input line 1364.
Package xcolor Info: Model `HTML' substituted by `rgb' on input line 1366.
Package xcolor Info: Model `Hsb' substituted by `hsb' on input line 1367.
Package xcolor Info: Model `tHsb' substituted by `hsb' on input line 1368.
Package xcolor Info: Model `HSB' substituted by `hsb' on input line 1369.
Package xcolor Info: Model `Gray' substituted by `gray' on input line 1370.
Package xcolor Info: Model `wave' substituted by `hsb' on input line 1371.
)
(/usr/local/texlive/2018/texmf-dist/tex/latex/setspace/setspace.sty
Package: setspace 2011/12/19 v6.7a set line spacing
)
(/usr/local/texlive/2018/texmf-dist/tex/latex/float/float.sty
Package: float 2001/11/08 v1.3d Float enhancements (AL)
\c@float@type=\count113
\float@exts=\toks24
\float@box=\box56
\@float@everytoks=\toks25
\@floatcapt=\box57
)
(/usr/local/texlive/2018/texmf-dist/tex/latex/tocbibind/tocbibind.sty
Package: tocbibind 2010/10/13 v1.5k extra ToC listings
Package tocbibind Info: The document has section divisions on input line 50.


Package tocbibind Note: Using section or other style headings.

) (/usr/local/texlive/2018/texmf-dist/tex/latex/tools/tabularx.sty
Package: tabularx 2016/02/03 v2.11b `tabularx' package (DPC)

(/usr/local/texlive/2018/texmf-dist/tex/latex/tools/array.sty
Package: array 2018/04/30 v2.4h Tabular extension package (FMi)
\col@sep=\dimen143
\ar@mcellbox=\box58
\extrarowheight=\dimen144
\NC@list=\toks26
\extratabsurround=\skip51
\backup@length=\skip52
\ar@cellbox=\box59
)
\TX@col@width=\dimen145
\TX@old@table=\dimen146
\TX@old@col=\dimen147
\TX@target=\dimen148
\TX@delta=\dimen149
\TX@cols=\count114
\TX@ftn=\toks27
)
(/usr/local/texlive/2018/texmf-dist/tex/latex/graphics/lscape.sty
Package: lscape 2000/10/22 v3.01 Landscape Pages (DPC)
)
(/usr/local/texlive/2018/texmf-dist/tex/latex/mdframed/mdframed.sty
Package: mdframed 2013/07/01 1.9b: mdframed

(/usr/local/texlive/2018/texmf-dist/tex/latex/oberdiek/kvoptions.sty
Package: kvoptions 2016/05/16 v3.12 Key value format for package options (HO)

(/usr/local/texlive/2018/texmf-dist/tex/generic/oberdiek/ltxcmds.sty
Package: ltxcmds 2016/05/16 v1.23 LaTeX kernel commands for general use (HO)
)
(/usr/local/texlive/2018/texmf-dist/tex/generic/oberdiek/kvsetkeys.sty
Package: kvsetkeys 2016/05/16 v1.17 Key value parser (HO)

(/usr/local/texlive/2018/texmf-dist/tex/generic/oberdiek/infwarerr.sty
Package: infwarerr 2016/05/16 v1.4 Providing info/warning/error messages (HO)
)
(/usr/local/texlive/2018/texmf-dist/tex/generic/oberdiek/etexcmds.sty
Package: etexcmds 2016/05/16 v1.6 Avoid name clashes with e-TeX commands (HO)

(/usr/local/texlive/2018/texmf-dist/tex/generic/oberdiek/ifluatex.sty
Package: ifluatex 2016/05/16 v1.4 Provides the ifluatex switch (HO)
Package ifluatex Info: LuaTeX not detected.
)
Package etexcmds Info: Could not find \expanded.
(etexcmds)             That can mean that you are not using pdfTeX 1.50 or
(etexcmds)             that some package has redefined \expanded.
(etexcmds)             In the latter case, load this package earlier.
)))
(/usr/local/texlive/2018/texmf-dist/tex/latex/l3packages/xparse/xparse.sty
(/usr/local/texlive/2018/texmf-dist/tex/latex/l3kernel/expl3.sty
Package: expl3 2018-10-19 L3 programming layer (loader) 

(/usr/local/texlive/2018/texmf-dist/tex/latex/l3kernel/expl3-code.tex
Package: expl3 2018-10-19 L3 programming layer (code)
\c_max_int=\count115
\l_tmpa_int=\count116
\l_tmpb_int=\count117
\g_tmpa_int=\count118
\g_tmpb_int=\count119
\g__kernel_prg_map_int=\count120
\c_log_iow=\count121
\l_iow_line_count_int=\count122
\l__iow_line_target_int=\count123
\l__iow_one_indent_int=\count124
\l__iow_indent_int=\count125
\c_zero_dim=\dimen150
\c_max_dim=\dimen151
\l_tmpa_dim=\dimen152
\l_tmpb_dim=\dimen153
\g_tmpa_dim=\dimen154
\g_tmpb_dim=\dimen155
\c_zero_skip=\skip53
\c_max_skip=\skip54
\l_tmpa_skip=\skip55
\l_tmpb_skip=\skip56
\g_tmpa_skip=\skip57
\g_tmpb_skip=\skip58
\c_zero_muskip=\muskip11
\c_max_muskip=\muskip12
\l_tmpa_muskip=\muskip13
\l_tmpb_muskip=\muskip14
\g_tmpa_muskip=\muskip15
\g_tmpb_muskip=\muskip16
\l_keys_choice_int=\count126
\l__intarray_loop_int=\count127
\c__intarray_sp_dim=\dimen156
\g__intarray_font_int=\count128
\c__fp_leading_shift_int=\count129
\c__fp_middle_shift_int=\count130
\c__fp_trailing_shift_int=\count131
\c__fp_big_leading_shift_int=\count132
\c__fp_big_middle_shift_int=\count133
\c__fp_big_trailing_shift_int=\count134
\c__fp_Bigg_leading_shift_int=\count135
\c__fp_Bigg_middle_shift_int=\count136
\c__fp_Bigg_trailing_shift_int=\count137
\c__kernel_randint_max_int=\count138
\g__fp_array_int=\count139
\l__fp_array_loop_int=\count140
\l__sort_length_int=\count141
\l__sort_min_int=\count142
\l__sort_top_int=\count143
\l__sort_max_int=\count144
\l__sort_true_max_int=\count145
\l__sort_block_int=\count146
\l__sort_begin_int=\count147
\l__sort_end_int=\count148
\l__sort_A_int=\count149
\l__sort_B_int=\count150
\l__sort_C_int=\count151
\l__tl_analysis_normal_int=\count152
\l__tl_analysis_index_int=\count153
\l__tl_analysis_nesting_int=\count154
\l__tl_analysis_type_int=\count155
\l__regex_internal_a_int=\count156
\l__regex_internal_b_int=\count157
\l__regex_internal_c_int=\count158
\l__regex_balance_int=\count159
\l__regex_group_level_int=\count160
\l__regex_mode_int=\count161
\c__regex_cs_in_class_mode_int=\count162
\c__regex_cs_mode_int=\count163
\l__regex_catcodes_int=\count164
\l__regex_default_catcodes_int=\count165
\c__regex_catcode_D_int=\count166
\c__regex_catcode_S_int=\count167
\c__regex_catcode_L_int=\count168
\c__regex_catcode_O_int=\count169
\c__regex_catcode_A_int=\count170
\c__regex_all_catcodes_int=\count171
\l__regex_show_lines_int=\count172
\l__regex_min_state_int=\count173
\l__regex_max_state_int=\count174
\l__regex_left_state_int=\count175
\l__regex_right_state_int=\count176
\l__regex_capturing_group_int=\count177
\l__regex_min_pos_int=\count178
\l__regex_max_pos_int=\count179
\l__regex_curr_pos_int=\count180
\l__regex_start_pos_int=\count181
\l__regex_success_pos_int=\count182
\l__regex_curr_char_int=\count183
\l__regex_curr_catcode_int=\count184
\l__regex_last_char_int=\count185
\l__regex_case_changed_char_int=\count186
\l__regex_curr_state_int=\count187
\l__regex_step_int=\count188
\l__regex_min_active_int=\count189
\l__regex_max_active_int=\count190
\l__regex_replacement_csnames_int=\count191
\l__regex_match_count_int=\count192
\l__regex_min_submatch_int=\count193
\l__regex_submatch_int=\count194
\l__regex_zeroth_submatch_int=\count195
\g__regex_trace_regex_int=\count196
\c_empty_box=\box60
\l_tmpa_box=\box61
\l_tmpb_box=\box62
\g_tmpa_box=\box63
\g_tmpb_box=\box64
\l__box_top_dim=\dimen157
\l__box_bottom_dim=\dimen158
\l__box_left_dim=\dimen159
\l__box_right_dim=\dimen160
\l__box_top_new_dim=\dimen161
\l__box_bottom_new_dim=\dimen162
\l__box_left_new_dim=\dimen163
\l__box_right_new_dim=\dimen164
\l__box_internal_box=\box65
\l__coffin_internal_box=\box66
\l__coffin_internal_dim=\dimen165
\l__coffin_offset_x_dim=\dimen166
\l__coffin_offset_y_dim=\dimen167
\l__coffin_x_dim=\dimen168
\l__coffin_y_dim=\dimen169
\l__coffin_x_prime_dim=\dimen170
\l__coffin_y_prime_dim=\dimen171
\c_empty_coffin=\box67
\l__coffin_aligned_coffin=\box68
\l__coffin_aligned_internal_coffin=\box69
\l_tmpa_coffin=\box70
\l_tmpb_coffin=\box71
\l__coffin_display_coffin=\box72
\l__coffin_display_coord_coffin=\box73
\l__coffin_display_pole_coffin=\box74
\l__coffin_display_offset_dim=\dimen172
\l__coffin_display_x_dim=\dimen173
\l__coffin_display_y_dim=\dimen174
\g__file_internal_ior=\read1
\l__coffin_bounding_shift_dim=\dimen175
\l__coffin_left_corner_dim=\dimen176
\l__coffin_right_corner_dim=\dimen177
\l__coffin_bottom_corner_dim=\dimen178
\l__coffin_top_corner_dim=\dimen179
\l__coffin_scaled_total_height_dim=\dimen180
\l__coffin_scaled_width_dim=\dimen181
\l__seq_internal_a_int=\count197
\l__seq_internal_b_int=\count198
)
(/usr/local/texlive/2018/texmf-dist/tex/latex/l3kernel/l3pdfmode.def
File: l3pdfmode.def 2018-10-19 v L3 Experimental driver: PDF mode
\l__driver_color_stack_int=\count199
))
Package: xparse 2018-10-17 L3 Experimental document command parser
\l__xparse_current_arg_int=\count266
\g__xparse_grabber_int=\count267
\l__xparse_m_args_int=\count268
\l__xparse_mandatory_args_int=\count269
\l__xparse_v_nesting_int=\count270
)
(/usr/local/texlive/2018/texmf-dist/tex/latex/etoolbox/etoolbox.sty
Package: etoolbox 2018/08/19 v2.5f e-TeX tools for LaTeX (JAW)
\etb@tempcnta=\count271
)
(/usr/local/texlive/2018/texmf-dist/tex/latex/oberdiek/zref-abspage.sty
Package: zref-abspage 2016/05/21 v2.26 Module abspage for zref (HO)

(/usr/local/texlive/2018/texmf-dist/tex/latex/oberdiek/zref-base.sty
Package: zref-base 2016/05/21 v2.26 Module base for zref (HO)

(/usr/local/texlive/2018/texmf-dist/tex/generic/oberdiek/kvdefinekeys.sty
Package: kvdefinekeys 2016/05/16 v1.4 Define keys (HO)
)
(/usr/local/texlive/2018/texmf-dist/tex/generic/oberdiek/pdftexcmds.sty
Package: pdftexcmds 2018/09/10 v0.29 Utility functions of pdfTeX for LuaTeX (HO
)
Package pdftexcmds Info: LuaTeX not detected.
Package pdftexcmds Info: \pdf@primitive is available.
Package pdftexcmds Info: \pdf@ifprimitive is available.
Package pdftexcmds Info: \pdfdraftmode found.
)
(/usr/local/texlive/2018/texmf-dist/tex/latex/oberdiek/auxhook.sty
Package: auxhook 2016/05/16 v1.4 Hooks for auxiliary files (HO)
)
Package zref Info: New property list: main on input line 759.
Package zref Info: New property: default on input line 760.
Package zref Info: New property: page on input line 761.
)
(/usr/local/texlive/2018/texmf-dist/tex/generic/oberdiek/atbegshi.sty
Package: atbegshi 2016/06/09 v1.18 At begin shipout hook (HO)
)
\c@abspage=\count272
Package zref Info: New property: abspage on input line 62.
)
(/usr/local/texlive/2018/texmf-dist/tex/latex/needspace/needspace.sty
Package: needspace 2010/09/12 v1.3d reserve vertical space
)
\mdf@templength=\skip59
\c@mdf@globalstyle@cnt=\count273
\mdf@skipabove@length=\skip60
\mdf@skipbelow@length=\skip61
\mdf@leftmargin@length=\skip62
\mdf@rightmargin@length=\skip63
\mdf@innerleftmargin@length=\skip64
\mdf@innerrightmargin@length=\skip65
\mdf@innertopmargin@length=\skip66
\mdf@innerbottommargin@length=\skip67
\mdf@splittopskip@length=\skip68
\mdf@splitbottomskip@length=\skip69
\mdf@outermargin@length=\skip70
\mdf@innermargin@length=\skip71
\mdf@linewidth@length=\skip72
\mdf@innerlinewidth@length=\skip73
\mdf@middlelinewidth@length=\skip74
\mdf@outerlinewidth@length=\skip75
\mdf@roundcorner@length=\skip76
\mdf@footenotedistance@length=\skip77
\mdf@userdefinedwidth@length=\skip78
\mdf@needspace@length=\skip79
\mdf@frametitleaboveskip@length=\skip80
\mdf@frametitlebelowskip@length=\skip81
\mdf@frametitlerulewidth@length=\skip82
\mdf@frametitleleftmargin@length=\skip83
\mdf@frametitlerightmargin@length=\skip84
\mdf@shadowsize@length=\skip85
\mdf@extratopheight@length=\skip86
\mdf@subtitleabovelinewidth@length=\skip87
\mdf@subtitlebelowlinewidth@length=\skip88
\mdf@subtitleaboveskip@length=\skip89
\mdf@subtitlebelowskip@length=\skip90
\mdf@subtitleinneraboveskip@length=\skip91
\mdf@subtitleinnerbelowskip@length=\skip92
\mdf@subsubtitleabovelinewidth@length=\skip93
\mdf@subsubtitlebelowlinewidth@length=\skip94
\mdf@subsubtitleaboveskip@length=\skip95
\mdf@subsubtitlebelowskip@length=\skip96
\mdf@subsubtitleinneraboveskip@length=\skip97
\mdf@subsubtitleinnerbelowskip@length=\skip98

(/usr/local/texlive/2018/texmf-dist/tex/latex/mdframed/md-frame-0.mdf
File: md-frame-0.mdf 2013/07/01\ 1.9b: md-frame-0
)
\mdf@frametitlebox=\box75
\mdf@footnotebox=\box76
\mdf@splitbox@one=\box77
\mdf@splitbox@two=\box78
\mdf@splitbox@save=\box79
\mdfsplitboxwidth=\skip99
\mdfsplitboxtotalwidth=\skip100
\mdfsplitboxheight=\skip101
\mdfsplitboxdepth=\skip102
\mdfsplitboxtotalheight=\skip103
\mdfframetitleboxwidth=\skip104
\mdfframetitleboxtotalwidth=\skip105
\mdfframetitleboxheight=\skip106
\mdfframetitleboxdepth=\skip107
\mdfframetitleboxtotalheight=\skip108
\mdffootnoteboxwidth=\skip109
\mdffootnoteboxtotalwidth=\skip110
\mdffootnoteboxheight=\skip111
\mdffootnoteboxdepth=\skip112
\mdffootnoteboxtotalheight=\skip113
\mdftotallinewidth=\skip114
\mdfboundingboxwidth=\skip115
\mdfboundingboxtotalwidth=\skip116
\mdfboundingboxheight=\skip117
\mdfboundingboxdepth=\skip118
\mdfboundingboxtotalheight=\skip119
\mdf@freevspace@length=\skip120
\mdf@horizontalwidthofbox@length=\skip121
\mdf@verticalmarginwhole@length=\skip122
\mdf@horizontalspaceofbox=\skip123
\mdfsubtitleheight=\skip124
\mdfsubsubtitleheight=\skip125
\c@mdfcountframes=\count274

****** mdframed patching \endmdf@trivlist

****** -- success******

\mdf@envdepth=\count275
\c@mdf@env@i=\count276
\c@mdf@env@ii=\count277
\c@mdf@zref@counter=\count278
Package zref Info: New property: mdf@pagevalue on input line 895.
)
(/usr/local/texlive/2018/texmf-dist/tex/generic/oberdiek/hologo.sty
Package: hologo 2017/05/01 v1.13 A logo collection with bookmark support (HO)
)
(/usr/local/texlive/2018/texmf-dist/tex/latex/graphics/rotating.sty
Package: rotating 2016/08/11 v2.16d rotated objects in LaTeX

(/usr/local/texlive/2018/texmf-dist/tex/latex/base/ifthen.sty
Package: ifthen 2014/09/29 v1.1c Standard LaTeX ifthen package (DPC)
)
\c@r@tfl@t=\count279
\rotFPtop=\skip126
\rotFPbot=\skip127
\rot@float@box=\box80
\rot@mess@toks=\toks28
)
(/usr/local/texlive/2018/texmf-dist/tex/latex/tools/verbatim.sty
Package: verbatim 2014/10/28 v1.5q LaTeX2e package for verbatim enhancements
\every@verbatim=\toks29
\verbatim@line=\toks30
\verbatim@in@stream=\read2
)
(/usr/local/texlive/2018/texmf-dist/tex/latex/placeins/placeins.sty
Package: placeins 2005/04/18  v 2.2
)
(/usr/local/texlive/2018/texmf-dist/tex/latex/pgf/frontendlayer/tikz.sty
(/usr/local/texlive/2018/texmf-dist/tex/latex/pgf/basiclayer/pgf.sty
(/usr/local/texlive/2018/texmf-dist/tex/latex/pgf/utilities/pgfrcs.sty
(/usr/local/texlive/2018/texmf-dist/tex/generic/pgf/utilities/pgfutil-common.te
x
\pgfutil@everybye=\toks31
\pgfutil@tempdima=\dimen182
\pgfutil@tempdimb=\dimen183

(/usr/local/texlive/2018/texmf-dist/tex/generic/pgf/utilities/pgfutil-common-li
sts.tex))
(/usr/local/texlive/2018/texmf-dist/tex/generic/pgf/utilities/pgfutil-latex.def
\pgfutil@abb=\box81
) (/usr/local/texlive/2018/texmf-dist/tex/generic/pgf/utilities/pgfrcs.code.tex
Package: pgfrcs 2015/08/07 v3.0.1a (rcs-revision 1.31)
))
Package: pgf 2015/08/07 v3.0.1a (rcs-revision 1.15)
 (/usr/local/texlive/2018/texmf-dist/tex/latex/pgf/basiclayer/pgfcore.sty
(/usr/local/texlive/2018/texmf-dist/tex/latex/pgf/systemlayer/pgfsys.sty
(/usr/local/texlive/2018/texmf-dist/tex/generic/pgf/systemlayer/pgfsys.code.tex
Package: pgfsys 2014/07/09 v3.0.1a (rcs-revision 1.48)
(/usr/local/texlive/2018/texmf-dist/tex/generic/pgf/utilities/pgfkeys.code.tex
\pgfkeys@pathtoks=\toks32
\pgfkeys@temptoks=\toks33

(/usr/local/texlive/2018/texmf-dist/tex/generic/pgf/utilities/pgfkeysfiltered.c
ode.tex
\pgfkeys@tmptoks=\toks34
))
\pgf@x=\dimen184
\pgf@y=\dimen185
\pgf@xa=\dimen186
\pgf@ya=\dimen187
\pgf@xb=\dimen188
\pgf@yb=\dimen189
\pgf@xc=\dimen190
\pgf@yc=\dimen191
\w@pgf@writea=\write3
\r@pgf@reada=\read3
\c@pgf@counta=\count280
\c@pgf@countb=\count281
\c@pgf@countc=\count282
\c@pgf@countd=\count283
\t@pgf@toka=\toks35
\t@pgf@tokb=\toks36
\t@pgf@tokc=\toks37

(/usr/local/texlive/2018/texmf-dist/tex/generic/pgf/systemlayer/pgf.cfg
File: pgf.cfg 2008/05/14  (rcs-revision 1.7)
)
Driver file for pgf: pgfsys-pdftex.def

(/usr/local/texlive/2018/texmf-dist/tex/generic/pgf/systemlayer/pgfsys-pdftex.d
ef
File: pgfsys-pdftex.def 2014/10/11  (rcs-revision 1.35)

(/usr/local/texlive/2018/texmf-dist/tex/generic/pgf/systemlayer/pgfsys-common-p
df.def
File: pgfsys-common-pdf.def 2013/10/10  (rcs-revision 1.13)
)))
(/usr/local/texlive/2018/texmf-dist/tex/generic/pgf/systemlayer/pgfsyssoftpath.
code.tex
File: pgfsyssoftpath.code.tex 2013/09/09  (rcs-revision 1.9)
\pgfsyssoftpath@smallbuffer@items=\count284
\pgfsyssoftpath@bigbuffer@items=\count285
)
(/usr/local/texlive/2018/texmf-dist/tex/generic/pgf/systemlayer/pgfsysprotocol.
code.tex
File: pgfsysprotocol.code.tex 2006/10/16  (rcs-revision 1.4)
))
(/usr/local/texlive/2018/texmf-dist/tex/generic/pgf/basiclayer/pgfcore.code.tex
Package: pgfcore 2010/04/11 v3.0.1a (rcs-revision 1.7)
(/usr/local/texlive/2018/texmf-dist/tex/generic/pgf/math/pgfmath.code.tex
(/usr/local/texlive/2018/texmf-dist/tex/generic/pgf/math/pgfmathcalc.code.tex
(/usr/local/texlive/2018/texmf-dist/tex/generic/pgf/math/pgfmathutil.code.tex)
(/usr/local/texlive/2018/texmf-dist/tex/generic/pgf/math/pgfmathparser.code.tex
\pgfmath@dimen=\dimen192
\pgfmath@count=\count286
\pgfmath@box=\box82
\pgfmath@toks=\toks38
\pgfmath@stack@operand=\toks39
\pgfmath@stack@operation=\toks40
)
(/usr/local/texlive/2018/texmf-dist/tex/generic/pgf/math/pgfmathfunctions.code.
tex
(/usr/local/texlive/2018/texmf-dist/tex/generic/pgf/math/pgfmathfunctions.basic
.code.tex)
(/usr/local/texlive/2018/texmf-dist/tex/generic/pgf/math/pgfmathfunctions.trigo
nometric.code.tex)
(/usr/local/texlive/2018/texmf-dist/tex/generic/pgf/math/pgfmathfunctions.rando
m.code.tex)
(/usr/local/texlive/2018/texmf-dist/tex/generic/pgf/math/pgfmathfunctions.compa
rison.code.tex)
(/usr/local/texlive/2018/texmf-dist/tex/generic/pgf/math/pgfmathfunctions.base.
code.tex)
(/usr/local/texlive/2018/texmf-dist/tex/generic/pgf/math/pgfmathfunctions.round
.code.tex)
(/usr/local/texlive/2018/texmf-dist/tex/generic/pgf/math/pgfmathfunctions.misc.
code.tex)
(/usr/local/texlive/2018/texmf-dist/tex/generic/pgf/math/pgfmathfunctions.integ
erarithmetics.code.tex)))
(/usr/local/texlive/2018/texmf-dist/tex/generic/pgf/math/pgfmathfloat.code.tex
\c@pgfmathroundto@lastzeros=\count287
))
(/usr/local/texlive/2018/texmf-dist/tex/generic/pgf/basiclayer/pgfcorepoints.co
de.tex
File: pgfcorepoints.code.tex 2013/10/07  (rcs-revision 1.27)
\pgf@picminx=\dimen193
\pgf@picmaxx=\dimen194
\pgf@picminy=\dimen195
\pgf@picmaxy=\dimen196
\pgf@pathminx=\dimen197
\pgf@pathmaxx=\dimen198
\pgf@pathminy=\dimen199
\pgf@pathmaxy=\dimen256
\pgf@xx=\dimen257
\pgf@xy=\dimen258
\pgf@yx=\dimen259
\pgf@yy=\dimen260
\pgf@zx=\dimen261
\pgf@zy=\dimen262
)
(/usr/local/texlive/2018/texmf-dist/tex/generic/pgf/basiclayer/pgfcorepathconst
ruct.code.tex
File: pgfcorepathconstruct.code.tex 2013/10/07  (rcs-revision 1.29)
\pgf@path@lastx=\dimen263
\pgf@path@lasty=\dimen264
)
(/usr/local/texlive/2018/texmf-dist/tex/generic/pgf/basiclayer/pgfcorepathusage
.code.tex
File: pgfcorepathusage.code.tex 2014/11/02  (rcs-revision 1.24)
\pgf@shorten@end@additional=\dimen265
\pgf@shorten@start@additional=\dimen266
)
(/usr/local/texlive/2018/texmf-dist/tex/generic/pgf/basiclayer/pgfcorescopes.co
de.tex
File: pgfcorescopes.code.tex 2015/05/08  (rcs-revision 1.46)
\pgfpic=\box83
\pgf@hbox=\box84
\pgf@layerbox@main=\box85
\pgf@picture@serial@count=\count288
)
(/usr/local/texlive/2018/texmf-dist/tex/generic/pgf/basiclayer/pgfcoregraphicst
ate.code.tex
File: pgfcoregraphicstate.code.tex 2014/11/02  (rcs-revision 1.12)
\pgflinewidth=\dimen267
)
(/usr/local/texlive/2018/texmf-dist/tex/generic/pgf/basiclayer/pgfcoretransform
ations.code.tex
File: pgfcoretransformations.code.tex 2015/08/07  (rcs-revision 1.20)
\pgf@pt@x=\dimen268
\pgf@pt@y=\dimen269
\pgf@pt@temp=\dimen270
)
(/usr/local/texlive/2018/texmf-dist/tex/generic/pgf/basiclayer/pgfcorequick.cod
e.tex
File: pgfcorequick.code.tex 2008/10/09  (rcs-revision 1.3)
)
(/usr/local/texlive/2018/texmf-dist/tex/generic/pgf/basiclayer/pgfcoreobjects.c
ode.tex
File: pgfcoreobjects.code.tex 2006/10/11  (rcs-revision 1.2)
)
(/usr/local/texlive/2018/texmf-dist/tex/generic/pgf/basiclayer/pgfcorepathproce
ssing.code.tex
File: pgfcorepathprocessing.code.tex 2013/09/09  (rcs-revision 1.9)
)
(/usr/local/texlive/2018/texmf-dist/tex/generic/pgf/basiclayer/pgfcorearrows.co
de.tex
File: pgfcorearrows.code.tex 2015/05/14  (rcs-revision 1.43)
\pgfarrowsep=\dimen271
)
(/usr/local/texlive/2018/texmf-dist/tex/generic/pgf/basiclayer/pgfcoreshade.cod
e.tex
File: pgfcoreshade.code.tex 2013/07/15  (rcs-revision 1.15)
\pgf@max=\dimen272
\pgf@sys@shading@range@num=\count289
)
(/usr/local/texlive/2018/texmf-dist/tex/generic/pgf/basiclayer/pgfcoreimage.cod
e.tex
File: pgfcoreimage.code.tex 2013/07/15  (rcs-revision 1.18)

(/usr/local/texlive/2018/texmf-dist/tex/generic/pgf/basiclayer/pgfcoreexternal.
code.tex
File: pgfcoreexternal.code.tex 2014/07/09  (rcs-revision 1.21)
\pgfexternal@startupbox=\box86
))
(/usr/local/texlive/2018/texmf-dist/tex/generic/pgf/basiclayer/pgfcorelayers.co
de.tex
File: pgfcorelayers.code.tex 2013/07/18  (rcs-revision 1.7)
)
(/usr/local/texlive/2018/texmf-dist/tex/generic/pgf/basiclayer/pgfcoretranspare
ncy.code.tex
File: pgfcoretransparency.code.tex 2013/09/30  (rcs-revision 1.5)
)
(/usr/local/texlive/2018/texmf-dist/tex/generic/pgf/basiclayer/pgfcorepatterns.
code.tex
File: pgfcorepatterns.code.tex 2013/11/07  (rcs-revision 1.5)
)))
(/usr/local/texlive/2018/texmf-dist/tex/generic/pgf/modules/pgfmoduleshapes.cod
e.tex
File: pgfmoduleshapes.code.tex 2014/03/21  (rcs-revision 1.35)
\pgfnodeparttextbox=\box87
)
(/usr/local/texlive/2018/texmf-dist/tex/generic/pgf/modules/pgfmoduleplot.code.
tex
File: pgfmoduleplot.code.tex 2015/08/03  (rcs-revision 1.13)
)
(/usr/local/texlive/2018/texmf-dist/tex/latex/pgf/compatibility/pgfcomp-version
-0-65.sty
Package: pgfcomp-version-0-65 2007/07/03 v3.0.1a (rcs-revision 1.7)
\pgf@nodesepstart=\dimen273
\pgf@nodesepend=\dimen274
)
(/usr/local/texlive/2018/texmf-dist/tex/latex/pgf/compatibility/pgfcomp-version
-1-18.sty
Package: pgfcomp-version-1-18 2007/07/23 v3.0.1a (rcs-revision 1.1)
))
(/usr/local/texlive/2018/texmf-dist/tex/latex/pgf/utilities/pgffor.sty
(/usr/local/texlive/2018/texmf-dist/tex/latex/pgf/utilities/pgfkeys.sty
(/usr/local/texlive/2018/texmf-dist/tex/generic/pgf/utilities/pgfkeys.code.tex)
) (/usr/local/texlive/2018/texmf-dist/tex/latex/pgf/math/pgfmath.sty
(/usr/local/texlive/2018/texmf-dist/tex/generic/pgf/math/pgfmath.code.tex))
(/usr/local/texlive/2018/texmf-dist/tex/generic/pgf/utilities/pgffor.code.tex
Package: pgffor 2013/12/13 v3.0.1a (rcs-revision 1.25)

(/usr/local/texlive/2018/texmf-dist/tex/generic/pgf/math/pgfmath.code.tex)
\pgffor@iter=\dimen275
\pgffor@skip=\dimen276
\pgffor@stack=\toks41
\pgffor@toks=\toks42
))
(/usr/local/texlive/2018/texmf-dist/tex/generic/pgf/frontendlayer/tikz/tikz.cod
e.tex
Package: tikz 2015/08/07 v3.0.1a (rcs-revision 1.151)

(/usr/local/texlive/2018/texmf-dist/tex/generic/pgf/libraries/pgflibraryplothan
dlers.code.tex
File: pgflibraryplothandlers.code.tex 2013/08/31 v3.0.1a (rcs-revision 1.20)
\pgf@plot@mark@count=\count290
\pgfplotmarksize=\dimen277
)
\tikz@lastx=\dimen278
\tikz@lasty=\dimen279
\tikz@lastxsaved=\dimen280
\tikz@lastysaved=\dimen281
\tikzleveldistance=\dimen282
\tikzsiblingdistance=\dimen283
\tikz@figbox=\box88
\tikz@figbox@bg=\box89
\tikz@tempbox=\box90
\tikz@tempbox@bg=\box91
\tikztreelevel=\count291
\tikznumberofchildren=\count292
\tikznumberofcurrentchild=\count293
\tikz@fig@count=\count294

(/usr/local/texlive/2018/texmf-dist/tex/generic/pgf/modules/pgfmodulematrix.cod
e.tex
File: pgfmodulematrix.code.tex 2013/09/17  (rcs-revision 1.8)
\pgfmatrixcurrentrow=\count295
\pgfmatrixcurrentcolumn=\count296
\pgf@matrix@numberofcolumns=\count297
)
\tikz@expandcount=\count298

(/usr/local/texlive/2018/texmf-dist/tex/generic/pgf/frontendlayer/tikz/librarie
s/tikzlibrarytopaths.code.tex
File: tikzlibrarytopaths.code.tex 2008/06/17 v3.0.1a (rcs-revision 1.2)
)))
(/usr/local/texlive/2018/texmf-dist/tex/latex/tikzpeople/tikzpeople.sty
Package: tikzpeople 2017/04/22 v0.4 People shaped nodes for Tikz

(/usr/local/texlive/2018/texmf-dist/tex/latex/tools/calc.sty
Package: calc 2017/05/25 v4.3 Infix arithmetic (KKT,FJ)
\calc@Acount=\count299
\calc@Bcount=\count300
\calc@Adimen=\dimen284
\calc@Bdimen=\dimen285
\calc@Askip=\skip128
\calc@Bskip=\skip129
LaTeX Info: Redefining \setlength on input line 80.
LaTeX Info: Redefining \addtolength on input line 81.
\calc@Ccount=\count301
\calc@Cskip=\skip130
)
(/usr/local/texlive/2018/texmf-dist/tex/generic/pgf/libraries/pgflibraryinterse
ctions.code.tex
(/usr/local/texlive/2018/texmf-dist/tex/generic/pgf/libraries/pgflibraryfpu.cod
e.tex)
\pgf@intersect@solutions=\count302
)
(/usr/local/texlive/2018/texmf-dist/tex/generic/pgf/frontendlayer/tikz/librarie
s/tikzlibrarydecorations.markings.code.tex
(/usr/local/texlive/2018/texmf-dist/tex/generic/pgf/frontendlayer/tikz/librarie
s/tikzlibrarydecorations.code.tex
(/usr/local/texlive/2018/texmf-dist/tex/generic/pgf/modules/pgfmoduledecoration
s.code.tex
\pgfdecoratedcompleteddistance=\dimen286
\pgfdecoratedremainingdistance=\dimen287
\pgfdecoratedinputsegmentcompleteddistance=\dimen288
\pgfdecoratedinputsegmentremainingdistance=\dimen289
\pgf@decorate@distancetomove=\dimen290
\pgf@decorate@repeatstate=\count303
\pgfdecorationsegmentamplitude=\dimen291
\pgfdecorationsegmentlength=\dimen292
)
\tikz@lib@dec@box=\box92
)
(/usr/local/texlive/2018/texmf-dist/tex/generic/pgf/libraries/decorations/pgfli
brarydecorations.markings.code.tex))
(/usr/local/texlive/2018/texmf-dist/tex/generic/pgf/frontendlayer/tikz/librarie
s/tikzlibrarydecorations.pathmorphing.code.tex
(/usr/local/texlive/2018/texmf-dist/tex/generic/pgf/libraries/decorations/pgfli
brarydecorations.pathmorphing.code.tex))
(/usr/local/texlive/2018/texmf-dist/tex/generic/pgf/frontendlayer/tikz/librarie
s/tikzlibrarycalc.code.tex
File: tikzlibrarycalc.code.tex 2013/07/15 v3.0.1a (rcs-revision 1.9)
)
(/usr/local/texlive/2018/texmf-dist/tex/generic/pgf/frontendlayer/tikz/librarie
s/tikzlibrarypositioning.code.tex
File: tikzlibrarypositioning.code.tex 2008/10/06 v3.0.1a (rcs-revision 1.7)
)
(/usr/local/texlive/2018/texmf-dist/tex/generic/pgf/libraries/pgflibraryarrows.
meta.code.tex
File: pgflibraryarrows.meta.code.tex 2015/05/13 v3.0.1a (rcs-revision 1.13)
\pgfarrowinset=\dimen293
\pgfarrowlength=\dimen294
\pgfarrowwidth=\dimen295
\pgfarrowlinewidth=\dimen296
)
(/usr/local/texlive/2018/texmf-dist/tex/latex/tikzpeople/tikzpeople.shape.alice
.sty)
(/usr/local/texlive/2018/texmf-dist/tex/latex/tikzpeople/tikzpeople.shape.bob.s
ty)
(/usr/local/texlive/2018/texmf-dist/tex/latex/tikzpeople/tikzpeople.shape.bride
.sty)
(/usr/local/texlive/2018/texmf-dist/tex/latex/tikzpeople/tikzpeople.shape.build
er.sty)
(/usr/local/texlive/2018/texmf-dist/tex/latex/tikzpeople/tikzpeople.shape.busin
essman.sty)
(/usr/local/texlive/2018/texmf-dist/tex/latex/tikzpeople/tikzpeople.shape.charl
ie.sty)
(/usr/local/texlive/2018/texmf-dist/tex/latex/tikzpeople/tikzpeople.shape.chef.
sty)
(/usr/local/texlive/2018/texmf-dist/tex/latex/tikzpeople/tikzpeople.shape.condu
ctor.sty)
(/usr/local/texlive/2018/texmf-dist/tex/latex/tikzpeople/tikzpeople.shape.cowbo
y.sty)
(/usr/local/texlive/2018/texmf-dist/tex/latex/tikzpeople/tikzpeople.shape.crimi
nal.sty)
(/usr/local/texlive/2018/texmf-dist/tex/latex/tikzpeople/tikzpeople.shape.dave.
sty)
(/usr/local/texlive/2018/texmf-dist/tex/latex/tikzpeople/tikzpeople.shape.devil
.sty)
(/usr/local/texlive/2018/texmf-dist/tex/latex/tikzpeople/tikzpeople.shape.duck.
sty)
(/usr/local/texlive/2018/texmf-dist/tex/latex/tikzpeople/tikzpeople.shape.gradu
ate.sty)
(/usr/local/texlive/2018/texmf-dist/tex/latex/tikzpeople/tikzpeople.shape.groom
.sty)
(/usr/local/texlive/2018/texmf-dist/tex/latex/tikzpeople/tikzpeople.shape.guard
.sty)
(/usr/local/texlive/2018/texmf-dist/tex/latex/tikzpeople/tikzpeople.shape.jeste
r.sty)
(/usr/local/texlive/2018/texmf-dist/tex/latex/tikzpeople/tikzpeople.shape.judge
.sty)
(/usr/local/texlive/2018/texmf-dist/tex/latex/tikzpeople/tikzpeople.shape.manin
black.sty)
(/usr/local/texlive/2018/texmf-dist/tex/latex/tikzpeople/tikzpeople.shape.mexic
an.sty)
(/usr/local/texlive/2018/texmf-dist/tex/latex/tikzpeople/tikzpeople.shape.nun.s
ty)
(/usr/local/texlive/2018/texmf-dist/tex/latex/tikzpeople/tikzpeople.shape.nurse
.sty)
(/usr/local/texlive/2018/texmf-dist/tex/latex/tikzpeople/tikzpeople.shape.physi
cian.sty)
(/usr/local/texlive/2018/texmf-dist/tex/latex/tikzpeople/tikzpeople.shape.pilot
.sty)
(/usr/local/texlive/2018/texmf-dist/tex/latex/tikzpeople/tikzpeople.shape.polic
e.sty)
(/usr/local/texlive/2018/texmf-dist/tex/latex/tikzpeople/tikzpeople.shape.pries
t.sty)
(/usr/local/texlive/2018/texmf-dist/tex/latex/tikzpeople/tikzpeople.shape.sailo
r.sty)
(/usr/local/texlive/2018/texmf-dist/tex/latex/tikzpeople/tikzpeople.shape.santa
.sty)
(/usr/local/texlive/2018/texmf-dist/tex/latex/tikzpeople/tikzpeople.shape.surge
on.sty))
(/usr/local/texlive/2018/texmf-dist/tex/latex/glossaries/base/glossaries.sty
Package: glossaries 2018/07/23 v4.41 (NLCT)

(/usr/local/texlive/2018/texmf-dist/tex/latex/xkeyval/xkeyval.sty
Package: xkeyval 2014/12/03 v2.7a package option processing (HA)

(/usr/local/texlive/2018/texmf-dist/tex/generic/xkeyval/xkeyval.tex
(/usr/local/texlive/2018/texmf-dist/tex/generic/xkeyval/xkvutils.tex
\XKV@toks=\toks43
\XKV@tempa@toks=\toks44
)
\XKV@depth=\count304
File: xkeyval.tex 2014/12/03 v2.7a key=value parser (HA)
))
(/usr/local/texlive/2018/texmf-dist/tex/latex/mfirstuc/mfirstuc.sty
Package: mfirstuc 2017/11/14 v2.06 (NLCT)
\@glsmfirst=\toks45
\@glsmrest=\toks46
)
(/usr/local/texlive/2018/texmf-dist/tex/latex/textcase/textcase.sty
Package: textcase 2004/10/07 v0.07 Text only upper/lower case changing (DPC)
)
(/usr/local/texlive/2018/texmf-dist/tex/latex/xfor/xfor.sty
Package: xfor 2009/02/05 v1.05 (NLCT)
)
(/usr/local/texlive/2018/texmf-dist/tex/latex/datatool/datatool-base.sty
Package: datatool-base 2018/04/16 v2.30 (NLCT)

(/usr/local/texlive/2018/texmf-dist/tex/latex/substr/substr.sty
Package: substr 2009/10/20 v1.2 Handle substrings
\c@su@anzahl=\count305
)
(/usr/local/texlive/2018/texmf-dist/tex/latex/datatool/datatool-fp.sty
Package: datatool-fp 2018/04/16 v2.30 (NLCT)

(/usr/local/texlive/2018/texmf-dist/tex/latex/fp/fp.sty
Package: fp 1995/04/02

`Fixed Point Package', Version 0.8, April 2, 1995 (C) Michael Mehlich
(/usr/local/texlive/2018/texmf-dist/tex/latex/fp/defpattern.sty
Package: defpattern 1994/10/12
\actioncount=\count306
)
(/usr/local/texlive/2018/texmf-dist/tex/latex/fp/fp-basic.sty
Package: fp-basic 1996/05/13
\FP@xs=\count307
\FP@xia=\count308
\FP@xib=\count309
\FP@xfa=\count310
\FP@xfb=\count311
\FP@rega=\count312
\FP@regb=\count313
\FP@regs=\count314
\FP@times=\count315
)
(/usr/local/texlive/2018/texmf-dist/tex/latex/fp/fp-addons.sty
Package: fp-addons 1995/03/15
)
(/usr/local/texlive/2018/texmf-dist/tex/latex/fp/fp-snap.sty
Package: fp-snap 1995/04/05
)
(/usr/local/texlive/2018/texmf-dist/tex/latex/fp/fp-exp.sty
Package: fp-exp 1995/04/03
)
(/usr/local/texlive/2018/texmf-dist/tex/latex/fp/fp-trigo.sty
Package: fp-trigo 1995/04/14
)
(/usr/local/texlive/2018/texmf-dist/tex/latex/fp/fp-pas.sty
Package: fp-pas 1994/08/29
)
(/usr/local/texlive/2018/texmf-dist/tex/latex/fp/fp-random.sty
Package: fp-random 1995/02/23
\FPseed=\count316
)
(/usr/local/texlive/2018/texmf-dist/tex/latex/fp/fp-eqn.sty
Package: fp-eqn 1995/04/03
)
(/usr/local/texlive/2018/texmf-dist/tex/latex/fp/fp-upn.sty
Package: fp-upn 1996/10/21
)
(/usr/local/texlive/2018/texmf-dist/tex/latex/fp/fp-eval.sty
Package: fp-eval 1995/04/03
)))
\@dtl@toks=\toks47
\@dtl@tmpcount=\count317
\dtl@tmplength=\skip131
\dtl@sortresult=\count318
\@dtl@numgrpsepcount=\count319
\@dtl@datatype=\count320
\dtl@codeA=\count321
\dtl@codeB=\count322
\@dtl@foreach@level=\count323
)
(/usr/local/texlive/2018/texmf-dist/tex/latex/glossaries/base/glossaries-compat
ible-307.sty
Package: glossaries-compatible-307 2018/07/23 v4.41 (NLCT)
)
\gls@level=\count324
\@gls@tmpb=\toks48
\gls@tmplen=\skip132
\glskeylisttok=\toks49
\glslabeltok=\toks50
\glsshorttok=\toks51
\glslongtok=\toks52

(/usr/local/texlive/2018/texmf-dist/tex/latex/glossaries/styles/glossary-hypern
av.sty
Package: glossary-hypernav 2018/07/23 v4.41 (NLCT)
)
(/usr/local/texlive/2018/texmf-dist/tex/latex/glossaries/styles/glossary-list.s
ty
Package: glossary-list 2018/07/23 v4.41 (NLCT)
\glslistdottedwidth=\skip133
)
(/usr/local/texlive/2018/texmf-dist/tex/latex/glossaries/styles/glossary-long.s
ty
Package: glossary-long 2018/07/23 v4.41 (NLCT)
 (/usr/local/texlive/2018/texmf-dist/tex/latex/tools/longtable.sty
Package: longtable 2014/10/28 v4.11 Multi-page Table package (DPC)
\LTleft=\skip134
\LTright=\skip135
\LTpre=\skip136
\LTpost=\skip137
\LTchunksize=\count325
\LTcapwidth=\dimen297
\LT@head=\box93
\LT@firsthead=\box94
\LT@foot=\box95
\LT@lastfoot=\box96
\LT@cols=\count326
\LT@rows=\count327
\c@LT@tables=\count328
\c@LT@chunks=\count329
\LT@p@ftn=\toks53
)
\glsdescwidth=\skip138
\glspagelistwidth=\skip139
)
(/usr/local/texlive/2018/texmf-dist/tex/latex/glossaries/styles/glossary-super.
sty
Package: glossary-super 2018/07/23 v4.41 (NLCT)
 (/usr/local/texlive/2018/texmf-dist/tex/latex/supertabular/supertabular.sty
Package: supertabular 2004/02/20 v4.1e the supertabular environment
\c@tracingst=\count330
\ST@wd=\dimen298
\ST@rightskip=\skip140
\ST@leftskip=\skip141
\ST@parfillskip=\skip142
\ST@pageleft=\dimen299
\ST@headht=\dimen300
\ST@tailht=\dimen301
\ST@pagesofar=\dimen302
\ST@pboxht=\dimen303
\ST@lineht=\dimen304
\ST@stretchht=\dimen305
\ST@prevht=\dimen306
\ST@toadd=\dimen307
\ST@dimen=\dimen308
\ST@pbox=\box97
))
(/usr/local/texlive/2018/texmf-dist/tex/latex/glossaries/styles/glossary-tree.s
ty
Package: glossary-tree 2018/07/23 v4.41 (NLCT)
\glstreeindent=\skip143
))
(/usr/local/texlive/2018/texmf-dist/tex/generic/pgf/frontendlayer/tikz/librarie
s/tikzlibraryshapes.code.tex
File: tikzlibraryshapes.code.tex 2008/01/09 v3.0.1a (rcs-revision 1.1)

(/usr/local/texlive/2018/texmf-dist/tex/generic/pgf/frontendlayer/tikz/librarie
s/tikzlibraryshapes.geometric.code.tex
File: tikzlibraryshapes.geometric.code.tex 2008/01/09 v3.0.1a (rcs-revision 1.1
)

(/usr/local/texlive/2018/texmf-dist/tex/generic/pgf/libraries/shapes/pgflibrary
shapes.geometric.code.tex
File: pgflibraryshapes.geometric.code.tex 2008/06/26 v3.0.1a (rcs-revision 1.1)

))
(/usr/local/texlive/2018/texmf-dist/tex/generic/pgf/frontendlayer/tikz/librarie
s/tikzlibraryshapes.misc.code.tex
File: tikzlibraryshapes.misc.code.tex 2008/01/09 v3.0.1a (rcs-revision 1.1)

(/usr/local/texlive/2018/texmf-dist/tex/generic/pgf/libraries/shapes/pgflibrary
shapes.misc.code.tex
File: pgflibraryshapes.misc.code.tex 2013/07/18 v3.0.1a (rcs-revision 1.5)
))
(/usr/local/texlive/2018/texmf-dist/tex/generic/pgf/frontendlayer/tikz/librarie
s/tikzlibraryshapes.symbols.code.tex
File: tikzlibraryshapes.symbols.code.tex 2008/01/09 v3.0.1a (rcs-revision 1.1)

(/usr/local/texlive/2018/texmf-dist/tex/generic/pgf/libraries/shapes/pgflibrary
shapes.symbols.code.tex
File: pgflibraryshapes.symbols.code.tex 2013/09/11 v3.0.1a (rcs-revision 1.6)
))
(/usr/local/texlive/2018/texmf-dist/tex/generic/pgf/frontendlayer/tikz/librarie
s/tikzlibraryshapes.arrows.code.tex
File: tikzlibraryshapes.arrows.code.tex 2008/01/09 v3.0.1a (rcs-revision 1.1)

(/usr/local/texlive/2018/texmf-dist/tex/generic/pgf/libraries/shapes/pgflibrary
shapes.arrows.code.tex
File: pgflibraryshapes.arrows.code.tex 2008/06/26 v3.0.1a (rcs-revision 1.1)
))
(/usr/local/texlive/2018/texmf-dist/tex/generic/pgf/frontendlayer/tikz/librarie
s/tikzlibraryshapes.callouts.code.tex
(/usr/local/texlive/2018/texmf-dist/tex/generic/pgf/libraries/shapes/pgflibrary
shapes.callouts.code.tex))
(/usr/local/texlive/2018/texmf-dist/tex/generic/pgf/frontendlayer/tikz/librarie
s/tikzlibraryshapes.multipart.code.tex
File: tikzlibraryshapes.multipart.code.tex 2008/01/09 v3.0.1a (rcs-revision 1.1
)

(/usr/local/texlive/2018/texmf-dist/tex/generic/pgf/libraries/shapes/pgflibrary
shapes.multipart.code.tex
File: pgflibraryshapes.multipart.code.tex 2010/01/07 v3.0.1a (rcs-revision 1.2)

\pgfnodepartlowerbox=\box98
\pgfnodeparttwobox=\box99
\pgfnodepartthreebox=\box100
\pgfnodepartfourbox=\box101
\pgfnodeparttwentybox=\box102
\pgfnodepartnineteenbox=\box103
\pgfnodeparteighteenbox=\box104
\pgfnodepartseventeenbox=\box105
\pgfnodepartsixteenbox=\box106
\pgfnodepartfifteenbox=\box107
\pgfnodepartfourteenbox=\box108
\pgfnodepartthirteenbox=\box109
\pgfnodeparttwelvebox=\box110
\pgfnodepartelevenbox=\box111
\pgfnodeparttenbox=\box112
\pgfnodepartninebox=\box113
\pgfnodeparteightbox=\box114
\pgfnodepartsevenbox=\box115
\pgfnodepartsixbox=\box116
\pgfnodepartfivebox=\box117
)))
(/usr/local/texlive/2018/texmf-dist/tex/latex/hyperref/hyperref.sty
Package: hyperref 2018/09/30 v6.88a Hypertext links for LaTeX

(/usr/local/texlive/2018/texmf-dist/tex/generic/oberdiek/hobsub-hyperref.sty
Package: hobsub-hyperref 2016/05/16 v1.14 Bundle oberdiek, subset hyperref (HO)


(/usr/local/texlive/2018/texmf-dist/tex/generic/oberdiek/hobsub-generic.sty
Package: hobsub-generic 2016/05/16 v1.14 Bundle oberdiek, subset generic (HO)
Package: hobsub 2016/05/16 v1.14 Construct package bundles (HO)
Package hobsub Info: Skipping package `infwarerr' (already loaded).
Package hobsub Info: Skipping package `ltxcmds' (already loaded).
Package hobsub Info: Skipping package `ifluatex' (already loaded).
Package hobsub Info: Skipping package `ifvtex' (already loaded).
Package: intcalc 2016/05/16 v1.2 Expandable calculations with integers (HO)
Package hobsub Info: Skipping package `ifpdf' (already loaded).
Package hobsub Info: Skipping package `etexcmds' (already loaded).
Package hobsub Info: Skipping package `kvsetkeys' (already loaded).
Package hobsub Info: Skipping package `kvdefinekeys' (already loaded).
Package hobsub Info: Skipping package `pdftexcmds' (already loaded).
Package: pdfescape 2016/05/16 v1.14 Implements pdfTeX's escape features (HO)
Package: bigintcalc 2016/05/16 v1.4 Expandable calculations on big integers (HO
)
Package: bitset 2016/05/16 v1.2 Handle bit-vector datatype (HO)
Package: uniquecounter 2016/05/16 v1.3 Provide unlimited unique counter (HO)
)
Package hobsub Info: Skipping package `hobsub' (already loaded).
Package: letltxmacro 2016/05/16 v1.5 Let assignment for LaTeX macros (HO)
Package: hopatch 2016/05/16 v1.3 Wrapper for package hooks (HO)
Package: xcolor-patch 2016/05/16 xcolor patch
Package: atveryend 2016/05/16 v1.9 Hooks at the very end of document (HO)
Package hobsub Info: Skipping package `atbegshi' (already loaded).
Package: refcount 2016/05/16 v3.5 Data extraction from label references (HO)
Package: hycolor 2016/05/16 v1.8 Color options for hyperref/bookmark (HO)
)
\@linkdim=\dimen309
\Hy@linkcounter=\count331
\Hy@pagecounter=\count332

(/usr/local/texlive/2018/texmf-dist/tex/latex/hyperref/pd1enc.def
File: pd1enc.def 2018/09/30 v6.88a Hyperref: PDFDocEncoding definition (HO)
Now handling font encoding PD1 ...
... no UTF-8 mapping file for font encoding PD1
)
\Hy@SavedSpaceFactor=\count333

(/usr/local/texlive/2018/texmf-dist/tex/latex/latexconfig/hyperref.cfg
File: hyperref.cfg 2002/06/06 v1.2 hyperref configuration of TeXLive
)
Package hyperref Info: Option `pdfusetitle' set `true' on input line 4409.
Package hyperref Info: Hyper figures OFF on input line 4535.
Package hyperref Info: Link nesting OFF on input line 4540.
Package hyperref Info: Hyper index ON on input line 4543.
Package hyperref Info: Plain pages OFF on input line 4550.
Package hyperref Info: Backreferencing OFF on input line 4555.
Package hyperref Info: Implicit mode ON; LaTeX internals redefined.
Package hyperref Info: Bookmarks ON on input line 4788.
\c@Hy@tempcnt=\count334

(/usr/local/texlive/2018/texmf-dist/tex/latex/url/url.sty
\Urlmuskip=\muskip17
Package: url 2013/09/16  ver 3.4  Verb mode for urls, etc.
)
LaTeX Info: Redefining \url on input line 5141.
\XeTeXLinkMargin=\dimen310
\Fld@menulength=\count335
\Field@Width=\dimen311
\Fld@charsize=\dimen312
Package hyperref Info: Hyper figures OFF on input line 6396.
Package hyperref Info: Link nesting OFF on input line 6401.
Package hyperref Info: Hyper index ON on input line 6404.
Package hyperref Info: backreferencing OFF on input line 6411.
Package hyperref Info: Link coloring OFF on input line 6416.
Package hyperref Info: Link coloring with OCG OFF on input line 6421.
Package hyperref Info: PDF/A mode OFF on input line 6426.
LaTeX Info: Redefining \ref on input line 6466.
LaTeX Info: Redefining \pageref on input line 6470.
\Hy@abspage=\count336
\c@Item=\count337
\c@Hfootnote=\count338
)
Package hyperref Info: Driver (autodetected): hpdftex.

(/usr/local/texlive/2018/texmf-dist/tex/latex/hyperref/hpdftex.def
File: hpdftex.def 2018/09/30 v6.88a Hyperref driver for pdfTeX
\HyAnn@Count=\count339
\Fld@listcount=\count340
\c@bookmark@seq@number=\count341

(/usr/local/texlive/2018/texmf-dist/tex/latex/oberdiek/rerunfilecheck.sty
Package: rerunfilecheck 2016/05/16 v1.8 Rerun checks for auxiliary files (HO)
Package uniquecounter Info: New unique counter `rerunfilecheck' on input line 2
82.
)
\Hy@SectionHShift=\skip144
)
(/usr/local/texlive/2018/texmf-dist/tex/latex/lettrine/lettrine.sty
File: lettrine.sty 2018-08-28 v2.21 (Daniel Flipo)

(/usr/local/texlive/2018/texmf-dist/tex/generic/minifp/minifp.sty
Package: minifp 2013/12/30 v0.96. Macros for real number operations and a stack
-based programing language.
\MFP@loopctr=\count342
)
\c@DefaultLines=\count343
\c@DefaultDepth=\count344
\DefaultFindent=\dimen313
\DefaultNindent=\dimen314
\DefaultSlope=\dimen315
\DiscardVskip=\dimen316
\L@lbox=\box118
\L@tbox=\box119
\c@L@lines=\count345
\c@L@depth=\count346
\L@Pindent=\dimen317
\L@Findent=\dimen318
\L@Nindent=\dimen319
\L@lraise=\dimen320
\L@first=\dimen321
\L@next=\dimen322
\L@slope=\dimen323
\L@height=\dimen324
\L@novskip=\dimen325
\L@target@ht=\dimen326
\L@target@dp=\dimen327
\L@target@tht=\dimen328
\LettrineWidth=\dimen329
\LettrineHeight=\dimen330
\LettrineDepth=\dimen331

Loading lettrine.cfg
(/usr/local/texlive/2018/texmf-dist/tex/latex/lettrine/lettrine.cfg))
(/usr/local/texlive/2018/texmf-dist/tex/latex/ltablex/ltablex.sty
Package: ltablex 2014/08/13 v1.1 Modified tabularx
)
\c@assumption=\count347
\glswrite=\write4
\glo@main@file=\write5
\openout5 = `main.glo'.

Package glossaries Info: Writing glossary file main.glo on input line 43.
 (./main.aux)
\openout1 = `main.aux'.

LaTeX Font Info:    Checking defaults for OML/cmm/m/it on input line 80.
LaTeX Font Info:    ... okay on input line 80.
LaTeX Font Info:    Checking defaults for T1/cmr/m/n on input line 80.
LaTeX Font Info:    ... okay on input line 80.
LaTeX Font Info:    Checking defaults for OT1/cmr/m/n on input line 80.
LaTeX Font Info:    ... okay on input line 80.
LaTeX Font Info:    Checking defaults for OMS/cmsy/m/n on input line 80.
LaTeX Font Info:    ... okay on input line 80.
LaTeX Font Info:    Checking defaults for OMX/cmex/m/n on input line 80.
LaTeX Font Info:    ... okay on input line 80.
LaTeX Font Info:    Checking defaults for U/cmr/m/n on input line 80.
LaTeX Font Info:    ... okay on input line 80.
LaTeX Font Info:    Checking defaults for PD1/pdf/m/n on input line 80.
LaTeX Font Info:    ... okay on input line 80.
LaTeX Font Info:    Try loading font information for OT1+ppl on input line 80.
(/usr/local/texlive/2018/texmf-dist/tex/latex/psnfss/ot1ppl.fd
File: ot1ppl.fd 2001/06/04 font definitions for OT1/ppl.
)
*geometry* driver: auto-detecting
*geometry* detected driver: pdftex
*geometry* verbose mode - [ preamble ] result:
* driver: pdftex
* paper: a4paper
* layout: <same size as paper>
* layoutoffset:(h,v)=(0.0pt,0.0pt)
* modes: 
* h-part:(L,W,R)=(89.62709pt, 418.25368pt, 89.6271pt)
* v-part:(T,H,B)=(101.40665pt, 591.5302pt, 152.11pt)
* \paperwidth=597.50787pt
* \paperheight=845.04684pt
* \textwidth=418.25368pt
* \textheight=591.5302pt
* \oddsidemargin=17.3571pt
* \evensidemargin=17.3571pt
* \topmargin=-7.86334pt
* \headheight=12.0pt
* \headsep=25.0pt
* \topskip=10.0pt
* \footskip=30.0pt
* \marginparwidth=65.0pt
* \marginparsep=11.0pt
* \columnsep=10.0pt
* \skip\footins=9.0pt plus 4.0pt minus 2.0pt
* \hoffset=0.0pt
* \voffset=0.0pt
* \mag=1000
* \@twocolumnfalse
* \@twosidefalse
* \@mparswitchfalse
* \@reversemarginfalse
* (1in=72.27pt=25.4mm, 1cm=28.453pt)

(/usr/local/texlive/2018/texmf-dist/tex/context/base/mkii/supp-pdf.mkii
[Loading MPS to PDF converter (version 2006.09.02).]
\scratchcounter=\count348
\scratchdimen=\dimen332
\scratchbox=\box120
\nofMPsegments=\count349
\nofMParguments=\count350
\everyMPshowfont=\toks54
\MPscratchCnt=\count351
\MPscratchDim=\dimen333
\MPnumerator=\count352
\makeMPintoPDFobject=\count353
\everyMPtoPDFconversion=\toks55
) (/usr/local/texlive/2018/texmf-dist/tex/latex/oberdiek/epstopdf-base.sty
Package: epstopdf-base 2016/05/15 v2.6 Base part for package epstopdf

(/usr/local/texlive/2018/texmf-dist/tex/latex/oberdiek/grfext.sty
Package: grfext 2016/05/16 v1.2 Manage graphics extensions (HO)
)
Package epstopdf-base Info: Redefining graphics rule for `.eps' on input line 4
38.
Package grfext Info: Graphics extension search list:
(grfext)             [.pdf,.png,.jpg,.mps,.jpeg,.jbig2,.jb2,.PDF,.PNG,.JPG,.JPE
G,.JBIG2,.JB2,.eps]
(grfext)             \AppendGraphicsExtensions on input line 456.

(/usr/local/texlive/2018/texmf-dist/tex/latex/latexconfig/epstopdf-sys.cfg
File: epstopdf-sys.cfg 2010/07/13 v1.3 Configuration of (r)epstopdf for TeX Liv
e
))
ABD: EveryShipout initializing macros
\AtBeginShipoutBox=\box121
 (./main.glsdefs)
Package hyperref Info: Link coloring OFF on input line 80.

(/usr/local/texlive/2018/texmf-dist/tex/latex/hyperref/nameref.sty
Package: nameref 2016/05/21 v2.44 Cross-referencing by name of section

(/usr/local/texlive/2018/texmf-dist/tex/generic/oberdiek/gettitlestring.sty
Package: gettitlestring 2016/05/16 v1.5 Cleanup title references (HO)
)
\c@section@level=\count354
)
LaTeX Info: Redefining \ref on input line 80.
LaTeX Info: Redefining \pageref on input line 80.
LaTeX Info: Redefining \nameref on input line 80.

(./main.out) (./main.out)
\@outlinefile=\write6
\openout6 = `main.out'.

<images/TUM_blau.pdf, id=159, 54.02504pt x 28.452pt>
File: images/TUM_blau.pdf Graphic file (type pdf)
<use images/TUM_blau.pdf>
Package pdftex.def Info: images/TUM_blau.pdf  used on input line 83.
(pdftex.def)             Requested size: 54.02489pt x 28.45192pt.

Overfull \hbox (14.96466pt too wide) in paragraph at lines 83--83
[][] 
 []


Underfull \hbox (badness 10000) in paragraph at lines 83--83

 []


Underfull \hbox (badness 10000) in paragraph at lines 83--83

 []

[1{/usr/local/texlive/2018/texmf-var/fonts/map/pdftex/updmap/pdftex.map}

\openout4 = `main.ist'.

 <./images/TUM_blau.pdf>]
Package mdframed Info: Not enough space on this page on input line 89.
 (./images/pdf/cc.pdf_tex
<images/pdf/cc.pdf, id=189, page=1, 50.82347pt x 50.89334pt>
File: images/pdf/cc.pdf Graphic file (type pdf)
<use images/pdf/cc.pdf, page 1>
Package pdftex.def Info: images/pdf/cc.pdf , page1 used on input line 52.
(pdftex.def)             Requested size: 42.67912pt x 42.74pt.
) (./images/pdf/ccby.pdf_tex
<images/pdf/ccby.pdf, id=190, page=1, 64.24pt x 64.24348pt>
File: images/pdf/ccby.pdf Graphic file (type pdf)
<use images/pdf/ccby.pdf, page 1>
Package pdftex.def Info: images/pdf/ccby.pdf , page1 used on input line 52.
(pdftex.def)             Requested size: 42.67912pt x 42.68216pt.
)
(./images/pdf/ccsa.pdf_tex
<images/pdf/ccsa.pdf, id=191, page=1, 51.392pt x 51.39449pt>
File: images/pdf/ccsa.pdf Graphic file (type pdf)
<use images/pdf/ccsa.pdf, page 1>
Package pdftex.def Info: images/pdf/ccsa.pdf , page1 used on input line 52.
(pdftex.def)             Requested size: 42.67912pt x 42.6817pt.
)
LaTeX Font Info:    Try loading font information for OT1+pcr on input line 102.


(/usr/local/texlive/2018/texmf-dist/tex/latex/psnfss/ot1pcr.fd
File: ot1pcr.fd 2001/06/04 font definitions for OT1/pcr.
) [2 <./images/pdf/cc.pdf> <./images/pdf/ccby.pdf

pdfTeX warning: /Library/TeX/texbin/pdflatex (file ./images/pdf/ccby.pdf): PDF 
inclusion: multiple pdfs with page group included in a single page
> <./images/pdf/ccsa.pdf

pdfTeX warning: /Library/TeX/texbin/pdflatex (file ./images/pdf/ccsa.pdf): PDF 
inclusion: multiple pdfs with page group included in a single page
>]
LaTeX Font Info:    Font shape `OT1/ppl/bx/n' in size <14.4> not available
(Font)              Font shape `OT1/ppl/b/n' tried instead on input line 105.
 (./main.toc
LaTeX Font Info:    Font shape `OT1/ppl/bx/n' in size <10> not available
(Font)              Font shape `OT1/ppl/b/n' tried instead on input line 1.
 [3])
\tf@toc=\write7
\openout7 = `main.toc'.

 [4] (./main.lof)
\tf@lof=\write8
\openout8 = `main.lof'.

 [5] (./main.lot
Overfull \hbox (4.26183pt too wide) in paragraph at lines 16--16
 [][] [][]\OT1/ppl/m/n/10 PCI Data Se-cu-rity Stan-dard -- High Level Overview 
([]PCI Se-cu-rity Stan-dards Coun- 
 []

)
\tf@lot=\write9
\openout9 = `main.lot'.

 [6]
Overfull \hbox (15.0pt too wide) in paragraph at lines 130--131
[]$[]$ 
 []

[7] [8]
Overfull \hbox (9.43118pt too wide) in paragraph at lines 146--147
[]\OT1/ppl/m/n/10 The in-tro-duc-tion be-gins with a short his-tory of au-tonom
ous ve-hi-cles and a high-level overview
 []

[9]
LaTeX Font Info:    Font shape `OT1/ppl/bx/n' in size <12> not available
(Font)              Font shape `OT1/ppl/b/n' tried instead on input line 152.
<images/1885Benz.jpg, id=435, 235.1184pt x 185.0112pt>
File: images/1885Benz.jpg Graphic file (type jpg)
<use images/1885Benz.jpg>
Package pdftex.def Info: images/1885Benz.jpg  used on input line 162.
(pdftex.def)             Requested size: 418.25368pt x 329.1495pt.


LaTeX Warning: `h' float specifier changed to `ht'.

<images/DSC_5090.jpg, id=436, 361.35pt x 235.6002pt>
File: images/DSC_5090.jpg Graphic file (type jpg)
<use images/DSC_5090.jpg>
Package pdftex.def Info: images/DSC_5090.jpg  used on input line 169.
(pdftex.def)             Requested size: 418.25368pt x 272.70323pt.

LaTeX Warning: `h' float specifier changed to `ht'.

[10] [11 <./images/1885Benz.jpg>] [12 <./images/DSC_5090.jpg>] [13] [14]
[15]
Underfull \hbox (badness 2042) in paragraph at lines 283--283
[]|\OT1/ppl/m/n/10 North Amer-i-can en-ergy
 []


Underfull \hbox (badness 3492) in paragraph at lines 283--284
[]|[]\OT1/ppl/m/n/10 North Amer-i-can Elec-tric Re-li-a-bil-ity
 []


Underfull \hbox (badness 4886) in paragraph at lines 285--285
[]|\OT1/ppl/m/n/10 US fed-eral gov-ern-ment
 []


Underfull \hbox (badness 10000) in paragraph at lines 286--287
[]|[]\OT1/ppl/m/n/10 European Par-lia-ment and Coun-cil[]
 []


Underfull \hbox (badness 3029) in paragraph at lines 288--288
[]|\OT1/ppl/m/n/10 Health In-for-ma-tion Tech-nol-ogy for Eco-nomic and Clin-i-
cal
 []


Underfull \hbox (badness 1946) in paragraph at lines 291--292
[]|[]\OT1/ppl/m/n/10 International Fed-er-a-tion of Ac-coun-
 []


Underfull \hbox (badness 1931) in paragraph at lines 293--294
[]|[]\OT1/ppl/m/n/10 International Or-ga-ni-za-tion for Stan-
 []


Underfull \hbox (badness 1502) in paragraph at lines 294--295
[]|[]\OT1/ppl/m/n/10 National In-sti-tute of Stan-dards and
 []


Overfull \hbox (72.24947pt too wide) in alignment at lines 278--299
 [] [] [] [] 
 []

[16

] [17] [18

]

LaTeX Warning: `h' float specifier changed to `ht'.

[19]
Package mdframed Info: Not enough space on this page on input line 355.

Overfull \hbox (6.87134pt too wide) in paragraph at lines 357--358
[]\OT1/ppl/m/n/10 NIST Spe-cial Pub-li-ca-tion 800-53 de-fines se-cu-rity con-t
rols as "the safe-guards/countermeasures
 []

[20]
Underfull \hbox (badness 10000) in paragraph at lines 370--371

 []


LaTeX Warning: `h' float specifier changed to `ht'.


LaTeX Warning: `h' float specifier changed to `ht'.

LaTeX Font Info:    Try loading font information for OMS+ppl on input line 424.

(/usr/local/texlive/2018/texmf-dist/tex/latex/psnfss/omsppl.fd
File: omsppl.fd 
)
LaTeX Font Info:    Font shape `OMS/ppl/m/n' in size <10> not available
(Font)              Font shape `OMS/cmsy/m/n' tried instead on input line 424.
 [21] [22]

LaTeX Warning: `h' float specifier changed to `ht'.

[23]

LaTeX Warning: `h' float specifier changed to `ht'.


Underfull \hbox (badness 1033) in paragraph at lines 494--494
\OT1/ppl/m/n/10 or-ga-ni-za-tional as-sets, in-di-vid-u-als, other
 []


Underfull \hbox (badness 1033) in paragraph at lines 494--494
\OT1/ppl/m/n/10 or-ga-ni-za-tional as-sets, in-di-vid-u-als, other
 []

[24] [25]
Underfull \hbox (badness 10000) in paragraph at lines 501--501
[]|\OT1/ppl/m/n/10 qualitative and semi-
 []


Underfull \hbox (badness 4316) in paragraph at lines 503--503
[]|\OT1/ppl/m/n/10 damage, re-pro-ducibil-ity, ex-ploitabil-ity, af-fected
 []


Underfull \hbox (badness 10000) in paragraph at lines 504--504
[]|\OT1/ppl/m/n/10 qualitative and semi-
 []


Underfull \hbox (badness 10000) in paragraph at lines 506--506
[]|\OT1/ppl/m/n/10 Automotive Safety In-tegrity
 []


Underfull \hbox (badness 2503) in paragraph at lines 506--507
[]|[]\OT1/ppl/m/n/10 International Or-ga-ni-za-tion for
 []


Overfull \hbox (83.6304pt too wide) in alignment at lines 499--509
 [] [] [] [] 
 []

[26

]
Overfull \hbox (5.20195pt too wide) in paragraph at lines 519--520
[]\OT1/ppl/m/n/10 Can risk man-age-ment frame-works quan-ti-ta-tively mea-sure 
the se-cu-rity risks of au-tonomous
 []

[27

] [28]
Underfull \hbox (badness 10000) in paragraph at lines 540--541

 []

[29] [30] [31] [32]
<images/likelihoods.png, id=932, 930.47626pt x 642.4pt>
File: images/likelihoods.png Graphic file (type png)
<use images/likelihoods.png>
Package pdftex.def Info: images/likelihoods.png  used on input line 665.
(pdftex.def)             Requested size: 418.25368pt x 288.75386pt.


LaTeX Warning: `h' float specifier changed to `ht'.

[33] [34 <./images/likelihoods.png>] [35] [36] (./images/pdf/system.pdf_tex
<images/pdf/system.pdf, id=989, page=1, 748.5144pt x 777.76044pt>
File: images/pdf/system.pdf Graphic file (type pdf)
<use images/pdf/system.pdf, page 1>
Package pdftex.def Info: images/pdf/system.pdf , page1 used on input line 52.
(pdftex.def)             Requested size: 418.25368pt x 434.59346pt.
<images/pdf/system.pdf, id=990, page=2, 748.5144pt x 777.76044pt>
File: images/pdf/system.pdf Graphic file (type pdf)
<use images/pdf/system.pdf, page 2>
Package pdftex.def Info: images/pdf/system.pdf , page2 used on input line 54.
(pdftex.def)             Requested size: 418.25368pt x 434.59346pt.
<images/pdf/system.pdf, id=991, page=3, 748.5144pt x 777.76044pt>
File: images/pdf/system.pdf Graphic file (type pdf)
<use images/pdf/system.pdf, page 3>
Package pdftex.def Info: images/pdf/system.pdf , page3 used on input line 56.
(pdftex.def)             Requested size: 418.25368pt x 434.59346pt.
<images/pdf/system.pdf, id=992, page=4, 748.5144pt x 777.76044pt>
File: images/pdf/system.pdf Graphic file (type pdf)
<use images/pdf/system.pdf, page 4>
Package pdftex.def Info: images/pdf/system.pdf , page4 used on input line 58.
(pdftex.def)             Requested size: 418.25368pt x 434.59346pt.
<images/pdf/system.pdf, id=993, page=5, 748.5144pt x 777.76044pt>
File: images/pdf/system.pdf Graphic file (type pdf)
<use images/pdf/system.pdf, page 5>
Package pdftex.def Info: images/pdf/system.pdf , page5 used on input line 60.
(pdftex.def)             Requested size: 418.25368pt x 434.59346pt.
<images/pdf/system.pdf, id=994, page=6, 748.5144pt x 777.76044pt>
File: images/pdf/system.pdf Graphic file (type pdf)
<use images/pdf/system.pdf, page 6>
Package pdftex.def Info: images/pdf/system.pdf , page6 used on input line 62.
(pdftex.def)             Requested size: 418.25368pt x 434.59346pt.
<images/pdf/system.pdf, id=995, page=7, 748.5144pt x 777.76044pt>
File: images/pdf/system.pdf Graphic file (type pdf)
<use images/pdf/system.pdf, page 7>
Package pdftex.def Info: images/pdf/system.pdf , page7 used on input line 64.
(pdftex.def)             Requested size: 418.25368pt x 434.59346pt.
<images/pdf/system.pdf, id=996, page=8, 748.5144pt x 777.76044pt>
File: images/pdf/system.pdf Graphic file (type pdf)
<use images/pdf/system.pdf, page 8>
Package pdftex.def Info: images/pdf/system.pdf , page8 used on input line 66.
(pdftex.def)             Requested size: 418.25368pt x 434.59346pt.
<images/pdf/system.pdf, id=997, page=9, 748.5144pt x 777.76044pt>
File: images/pdf/system.pdf Graphic file (type pdf)
<use images/pdf/system.pdf, page 9>
Package pdftex.def Info: images/pdf/system.pdf , page9 used on input line 68.
(pdftex.def)             Requested size: 418.25368pt x 434.59346pt.
<images/pdf/system.pdf, id=998, page=10, 748.5144pt x 777.76044pt>
File: images/pdf/system.pdf Graphic file (type pdf)
<use images/pdf/system.pdf, page 10>
Package pdftex.def Info: images/pdf/system.pdf , page10 used on input line 70.
(pdftex.def)             Requested size: 418.25368pt x 434.59346pt.
<images/pdf/system.pdf, id=999, page=11, 748.5144pt x 777.76044pt>
File: images/pdf/system.pdf Graphic file (type pdf)
<use images/pdf/system.pdf, page 11>
Package pdftex.def Info: images/pdf/system.pdf , page11 used on input line 72.
(pdftex.def)             Requested size: 418.25368pt x 434.59346pt.
<images/pdf/system.pdf, id=1000, page=12, 748.5144pt x 777.76044pt>
File: images/pdf/system.pdf Graphic file (type pdf)
<use images/pdf/system.pdf, page 12>
Package pdftex.def Info: images/pdf/system.pdf , page12 used on input line 74.
(pdftex.def)             Requested size: 418.25368pt x 434.59346pt.
<images/pdf/system.pdf, id=1001, page=13, 748.5144pt x 777.76044pt>
File: images/pdf/system.pdf Graphic file (type pdf)
<use images/pdf/system.pdf, page 13>
Package pdftex.def Info: images/pdf/system.pdf , page13 used on input line 76.
(pdftex.def)             Requested size: 418.25368pt x 434.59346pt.
<images/pdf/system.pdf, id=1002, page=14, 748.5144pt x 777.76044pt>
File: images/pdf/system.pdf Graphic file (type pdf)
<use images/pdf/system.pdf, page 14>
Package pdftex.def Info: images/pdf/system.pdf , page14 used on input line 78.
(pdftex.def)             Requested size: 418.25368pt x 434.59346pt.
<images/pdf/system.pdf, id=1003, page=15, 748.5144pt x 777.76044pt>
File: images/pdf/system.pdf Graphic file (type pdf)
<use images/pdf/system.pdf, page 15>
Package pdftex.def Info: images/pdf/system.pdf , page15 used on input line 80.
(pdftex.def)             Requested size: 418.25368pt x 434.59346pt.
<images/pdf/system.pdf, id=1004, page=16, 748.5144pt x 777.76044pt>
File: images/pdf/system.pdf Graphic file (type pdf)
<use images/pdf/system.pdf, page 16>
Package pdftex.def Info: images/pdf/system.pdf , page16 used on input line 82.
(pdftex.def)             Requested size: 418.25368pt x 434.59346pt.
<images/pdf/system.pdf, id=1005, page=17, 748.5144pt x 777.76044pt>
File: images/pdf/system.pdf Graphic file (type pdf)
<use images/pdf/system.pdf, page 17>
Package pdftex.def Info: images/pdf/system.pdf , page17 used on input line 84.
(pdftex.def)             Requested size: 418.25368pt x 434.59346pt.
<images/pdf/system.pdf, id=1006, page=18, 748.5144pt x 777.76044pt>
File: images/pdf/system.pdf Graphic file (type pdf)
<use images/pdf/system.pdf, page 18>
Package pdftex.def Info: images/pdf/system.pdf , page18 used on input line 86.
(pdftex.def)             Requested size: 418.25368pt x 434.59346pt.
<images/pdf/system.pdf, id=1007, page=19, 748.5144pt x 777.76044pt>
File: images/pdf/system.pdf Graphic file (type pdf)
<use images/pdf/system.pdf, page 19>
Package pdftex.def Info: images/pdf/system.pdf , page19 used on input line 88.
(pdftex.def)             Requested size: 418.25368pt x 434.59346pt.
<images/pdf/system.pdf, id=1008, page=20, 748.5144pt x 777.76044pt>
File: images/pdf/system.pdf Graphic file (type pdf)
<use images/pdf/system.pdf, page 20>
Package pdftex.def Info: images/pdf/system.pdf , page20 used on input line 90.
(pdftex.def)             Requested size: 418.25368pt x 434.59346pt.
<images/pdf/system.pdf, id=1009, page=21, 748.5144pt x 777.76044pt>
File: images/pdf/system.pdf Graphic file (type pdf)
<use images/pdf/system.pdf, page 21>
Package pdftex.def Info: images/pdf/system.pdf , page21 used on input line 92.
(pdftex.def)             Requested size: 418.25368pt x 434.59346pt.
<images/pdf/system.pdf, id=1010, page=22, 748.5144pt x 777.76044pt>
File: images/pdf/system.pdf Graphic file (type pdf)
<use images/pdf/system.pdf, page 22>
Package pdftex.def Info: images/pdf/system.pdf , page22 used on input line 94.
(pdftex.def)             Requested size: 418.25368pt x 434.59346pt.
<images/pdf/system.pdf, id=1011, page=23, 748.5144pt x 777.76044pt>
File: images/pdf/system.pdf Graphic file (type pdf)
<use images/pdf/system.pdf, page 23>
Package pdftex.def Info: images/pdf/system.pdf , page23 used on input line 96.
(pdftex.def)             Requested size: 418.25368pt x 434.59346pt.
<images/pdf/system.pdf, id=1012, page=24, 748.5144pt x 777.76044pt>
File: images/pdf/system.pdf Graphic file (type pdf)
<use images/pdf/system.pdf, page 24>
Package pdftex.def Info: images/pdf/system.pdf , page24 used on input line 98.
(pdftex.def)             Requested size: 418.25368pt x 434.59346pt.
<images/pdf/system.pdf, id=1013, page=25, 748.5144pt x 777.76044pt>
File: images/pdf/system.pdf Graphic file (type pdf)
<use images/pdf/system.pdf, page 25>
Package pdftex.def Info: images/pdf/system.pdf , page25 used on input line 100.

(pdftex.def)             Requested size: 418.25368pt x 434.59346pt.
<images/pdf/system.pdf, id=1014, page=26, 748.5144pt x 777.76044pt>
File: images/pdf/system.pdf Graphic file (type pdf)
<use images/pdf/system.pdf, page 26>
Package pdftex.def Info: images/pdf/system.pdf , page26 used on input line 102.

(pdftex.def)             Requested size: 418.25368pt x 434.59346pt.
<images/pdf/system.pdf, id=1015, page=27, 748.5144pt x 777.76044pt>
File: images/pdf/system.pdf Graphic file (type pdf)
<use images/pdf/system.pdf, page 27>
Package pdftex.def Info: images/pdf/system.pdf , page27 used on input line 104.

(pdftex.def)             Requested size: 418.25368pt x 434.59346pt.
<images/pdf/system.pdf, id=1016, page=28, 748.5144pt x 777.76044pt>
File: images/pdf/system.pdf Graphic file (type pdf)
<use images/pdf/system.pdf, page 28>
Package pdftex.def Info: images/pdf/system.pdf , page28 used on input line 106.

(pdftex.def)             Requested size: 418.25368pt x 434.59346pt.
<images/pdf/system.pdf, id=1017, page=29, 748.5144pt x 777.76044pt>
File: images/pdf/system.pdf Graphic file (type pdf)
<use images/pdf/system.pdf, page 29>
Package pdftex.def Info: images/pdf/system.pdf , page29 used on input line 108.

(pdftex.def)             Requested size: 418.25368pt x 434.59346pt.
<images/pdf/system.pdf, id=1018, page=30, 748.5144pt x 777.76044pt>
File: images/pdf/system.pdf Graphic file (type pdf)
<use images/pdf/system.pdf, page 30>
Package pdftex.def Info: images/pdf/system.pdf , page30 used on input line 110.

(pdftex.def)             Requested size: 418.25368pt x 434.59346pt.
<images/pdf/system.pdf, id=1019, page=31, 748.5144pt x 777.76044pt>
File: images/pdf/system.pdf Graphic file (type pdf)
<use images/pdf/system.pdf, page 31>
Package pdftex.def Info: images/pdf/system.pdf , page31 used on input line 112.

(pdftex.def)             Requested size: 418.25368pt x 434.59346pt.
<images/pdf/system.pdf, id=1020, page=32, 748.5144pt x 777.76044pt>
File: images/pdf/system.pdf Graphic file (type pdf)
<use images/pdf/system.pdf, page 32>
Package pdftex.def Info: images/pdf/system.pdf , page32 used on input line 114.

(pdftex.def)             Requested size: 418.25368pt x 434.59346pt.
<images/pdf/system.pdf, id=1021, page=33, 748.5144pt x 777.76044pt>
File: images/pdf/system.pdf Graphic file (type pdf)
<use images/pdf/system.pdf, page 33>
Package pdftex.def Info: images/pdf/system.pdf , page33 used on input line 116.

(pdftex.def)             Requested size: 418.25368pt x 434.59346pt.
<images/pdf/system.pdf, id=1022, page=34, 748.5144pt x 777.76044pt>
File: images/pdf/system.pdf Graphic file (type pdf)
<use images/pdf/system.pdf, page 34>
Package pdftex.def Info: images/pdf/system.pdf , page34 used on input line 118.

(pdftex.def)             Requested size: 418.25368pt x 434.59346pt.
<images/pdf/system.pdf, id=1023, page=35, 748.5144pt x 777.76044pt>
File: images/pdf/system.pdf Graphic file (type pdf)
<use images/pdf/system.pdf, page 35>
Package pdftex.def Info: images/pdf/system.pdf , page35 used on input line 120.

(pdftex.def)             Requested size: 418.25368pt x 434.59346pt.
<images/pdf/system.pdf, id=1024, page=36, 748.5144pt x 777.76044pt>
File: images/pdf/system.pdf Graphic file (type pdf)
<use images/pdf/system.pdf, page 36>
Package pdftex.def Info: images/pdf/system.pdf , page36 used on input line 122.

(pdftex.def)             Requested size: 418.25368pt x 434.59346pt.
<images/pdf/system.pdf, id=1025, page=37, 748.5144pt x 777.76044pt>
File: images/pdf/system.pdf Graphic file (type pdf)
<use images/pdf/system.pdf, page 37>
Package pdftex.def Info: images/pdf/system.pdf , page37 used on input line 124.

(pdftex.def)             Requested size: 418.25368pt x 434.59346pt.
<images/pdf/system.pdf, id=1026, page=38, 748.5144pt x 777.76044pt>
File: images/pdf/system.pdf Graphic file (type pdf)
<use images/pdf/system.pdf, page 38>
Package pdftex.def Info: images/pdf/system.pdf , page38 used on input line 126.

(pdftex.def)             Requested size: 418.25368pt x 434.59346pt.
<images/pdf/system.pdf, id=1027, page=39, 748.5144pt x 777.76044pt>
File: images/pdf/system.pdf Graphic file (type pdf)
<use images/pdf/system.pdf, page 39>
Package pdftex.def Info: images/pdf/system.pdf , page39 used on input line 128.

(pdftex.def)             Requested size: 418.25368pt x 434.59346pt.
<images/pdf/system.pdf, id=1028, page=40, 748.5144pt x 777.76044pt>
File: images/pdf/system.pdf Graphic file (type pdf)
<use images/pdf/system.pdf, page 40>
Package pdftex.def Info: images/pdf/system.pdf , page40 used on input line 130.

(pdftex.def)             Requested size: 418.25368pt x 434.59346pt.
<images/pdf/system.pdf, id=1029, page=41, 748.5144pt x 777.76044pt>
File: images/pdf/system.pdf Graphic file (type pdf)
<use images/pdf/system.pdf, page 41>
Package pdftex.def Info: images/pdf/system.pdf , page41 used on input line 132.

(pdftex.def)             Requested size: 418.25368pt x 434.59346pt.
<images/pdf/system.pdf, id=1030, page=42, 748.5144pt x 777.76044pt>
File: images/pdf/system.pdf Graphic file (type pdf)
<use images/pdf/system.pdf, page 42>
Package pdftex.def Info: images/pdf/system.pdf , page42 used on input line 134.

(pdftex.def)             Requested size: 418.25368pt x 434.59346pt.
<images/pdf/system.pdf, id=1031, page=43, 748.5144pt x 777.76044pt>
File: images/pdf/system.pdf Graphic file (type pdf)
<use images/pdf/system.pdf, page 43>
Package pdftex.def Info: images/pdf/system.pdf , page43 used on input line 136.

(pdftex.def)             Requested size: 418.25368pt x 434.59346pt.
<images/pdf/system.pdf, id=1032, page=44, 748.5144pt x 777.76044pt>
File: images/pdf/system.pdf Graphic file (type pdf)
<use images/pdf/system.pdf, page 44>
Package pdftex.def Info: images/pdf/system.pdf , page44 used on input line 138.

(pdftex.def)             Requested size: 418.25368pt x 434.59346pt.
)
[37] [38 <./images/pdf/system.pdf> <./images/pdf/system.pdf

pdfTeX warning: /Library/TeX/texbin/pdflatex (file ./images/pdf/system.pdf): PD
F inclusion: multiple pdfs with page group included in a single page
> <./images/pdf/system.pdf

pdfTeX warning: /Library/TeX/texbin/pdflatex (file ./images/pdf/system.pdf): PD
F inclusion: multiple pdfs with page group included in a single page
> <./images/pdf/system.pdf

pdfTeX warning: /Library/TeX/texbin/pdflatex (file ./images/pdf/system.pdf): PD
F inclusion: multiple pdfs with page group included in a single page
> <./images/pdf/system.pdf

pdfTeX warning: /Library/TeX/texbin/pdflatex (file ./images/pdf/system.pdf): PD
F inclusion: multiple pdfs with page group included in a single page
> <./images/pdf/system.pdf

pdfTeX warning: /Library/TeX/texbin/pdflatex (file ./images/pdf/system.pdf): PD
F inclusion: multiple pdfs with page group included in a single page
> <./images/pdf/system.pdf

pdfTeX warning: /Library/TeX/texbin/pdflatex (file ./images/pdf/system.pdf): PD
F inclusion: multiple pdfs with page group included in a single page
> <./images/pdf/system.pdf

pdfTeX warning: /Library/TeX/texbin/pdflatex (file ./images/pdf/system.pdf): PD
F inclusion: multiple pdfs with page group included in a single page
> <./images/pdf/system.pdf

pdfTeX warning: /Library/TeX/texbin/pdflatex (file ./images/pdf/system.pdf): PD
F inclusion: multiple pdfs with page group included in a single page
> <./images/pdf/system.pdf

pdfTeX warning: /Library/TeX/texbin/pdflatex (file ./images/pdf/system.pdf): PD
F inclusion: multiple pdfs with page group included in a single page
> <./images/pdf/system.pdf

pdfTeX warning: /Library/TeX/texbin/pdflatex (file ./images/pdf/system.pdf): PD
F inclusion: multiple pdfs with page group included in a single page
> <./images/pdf/system.pdf

pdfTeX warning: /Library/TeX/texbin/pdflatex (file ./images/pdf/system.pdf): PD
F inclusion: multiple pdfs with page group included in a single page
> <./images/pdf/system.pdf

pdfTeX warning: /Library/TeX/texbin/pdflatex (file ./images/pdf/system.pdf): PD
F inclusion: multiple pdfs with page group included in a single page
> <./images/pdf/system.pdf

pdfTeX warning: /Library/TeX/texbin/pdflatex (file ./images/pdf/system.pdf): PD
F inclusion: multiple pdfs with page group included in a single page
> <./images/pdf/system.pdf

pdfTeX warning: /Library/TeX/texbin/pdflatex (file ./images/pdf/system.pdf): PD
F inclusion: multiple pdfs with page group included in a single page
> <./images/pdf/system.pdf

pdfTeX warning: /Library/TeX/texbin/pdflatex (file ./images/pdf/system.pdf): PD
F inclusion: multiple pdfs with page group included in a single page
> <./images/pdf/system.pdf

pdfTeX warning: /Library/TeX/texbin/pdflatex (file ./images/pdf/system.pdf): PD
F inclusion: multiple pdfs with page group included in a single page
> <./images/pdf/system.pdf

pdfTeX warning: /Library/TeX/texbin/pdflatex (file ./images/pdf/system.pdf): PD
F inclusion: multiple pdfs with page group included in a single page
> <./images/pdf/system.pdf

pdfTeX warning: /Library/TeX/texbin/pdflatex (file ./images/pdf/system.pdf): PD
F inclusion: multiple pdfs with page group included in a single page
> <./images/pdf/system.pdf

pdfTeX warning: /Library/TeX/texbin/pdflatex (file ./images/pdf/system.pdf): PD
F inclusion: multiple pdfs with page group included in a single page
> <./images/pdf/system.pdf

pdfTeX warning: /Library/TeX/texbin/pdflatex (file ./images/pdf/system.pdf): PD
F inclusion: multiple pdfs with page group included in a single page
> <./images/pdf/system.pdf

pdfTeX warning: /Library/TeX/texbin/pdflatex (file ./images/pdf/system.pdf): PD
F inclusion: multiple pdfs with page group included in a single page
> <./images/pdf/system.pdf

pdfTeX warning: /Library/TeX/texbin/pdflatex (file ./images/pdf/system.pdf): PD
F inclusion: multiple pdfs with page group included in a single page
> <./images/pdf/system.pdf

pdfTeX warning: /Library/TeX/texbin/pdflatex (file ./images/pdf/system.pdf): PD
F inclusion: multiple pdfs with page group included in a single page
> <./images/pdf/system.pdf

pdfTeX warning: /Library/TeX/texbin/pdflatex (file ./images/pdf/system.pdf): PD
F inclusion: multiple pdfs with page group included in a single page
> <./images/pdf/system.pdf

pdfTeX warning: /Library/TeX/texbin/pdflatex (file ./images/pdf/system.pdf): PD
F inclusion: multiple pdfs with page group included in a single page
> <./images/pdf/system.pdf

pdfTeX warning: /Library/TeX/texbin/pdflatex (file ./images/pdf/system.pdf): PD
F inclusion: multiple pdfs with page group included in a single page
> <./images/pdf/system.pdf

pdfTeX warning: /Library/TeX/texbin/pdflatex (file ./images/pdf/system.pdf): PD
F inclusion: multiple pdfs with page group included in a single page
> <./images/pdf/system.pdf

pdfTeX warning: /Library/TeX/texbin/pdflatex (file ./images/pdf/system.pdf): PD
F inclusion: multiple pdfs with page group included in a single page
> <./images/pdf/system.pdf

pdfTeX warning: /Library/TeX/texbin/pdflatex (file ./images/pdf/system.pdf): PD
F inclusion: multiple pdfs with page group included in a single page
> <./images/pdf/system.pdf

pdfTeX warning: /Library/TeX/texbin/pdflatex (file ./images/pdf/system.pdf): PD
F inclusion: multiple pdfs with page group included in a single page
> <./images/pdf/system.pdf

pdfTeX warning: /Library/TeX/texbin/pdflatex (file ./images/pdf/system.pdf): PD
F inclusion: multiple pdfs with page group included in a single page
> <./images/pdf/system.pdf

pdfTeX warning: /Library/TeX/texbin/pdflatex (file ./images/pdf/system.pdf): PD
F inclusion: multiple pdfs with page group included in a single page
> <./images/pdf/system.pdf

pdfTeX warning: /Library/TeX/texbin/pdflatex (file ./images/pdf/system.pdf): PD
F inclusion: multiple pdfs with page group included in a single page
> <./images/pdf/system.pdf

pdfTeX warning: /Library/TeX/texbin/pdflatex (file ./images/pdf/system.pdf): PD
F inclusion: multiple pdfs with page group included in a single page
> <./images/pdf/system.pdf

pdfTeX warning: /Library/TeX/texbin/pdflatex (file ./images/pdf/system.pdf): PD
F inclusion: multiple pdfs with page group included in a single page
> <./images/pdf/system.pdf

pdfTeX warning: /Library/TeX/texbin/pdflatex (file ./images/pdf/system.pdf): PD
F inclusion: multiple pdfs with page group included in a single page
> <./images/pdf/system.pdf

pdfTeX warning: /Library/TeX/texbin/pdflatex (file ./images/pdf/system.pdf): PD
F inclusion: multiple pdfs with page group included in a single page
> <./images/pdf/system.pdf

pdfTeX warning: /Library/TeX/texbin/pdflatex (file ./images/pdf/system.pdf): PD
F inclusion: multiple pdfs with page group included in a single page
> <./images/pdf/system.pdf

pdfTeX warning: /Library/TeX/texbin/pdflatex (file ./images/pdf/system.pdf): PD
F inclusion: multiple pdfs with page group included in a single page
> <./images/pdf/system.pdf

pdfTeX warning: /Library/TeX/texbin/pdflatex (file ./images/pdf/system.pdf): PD
F inclusion: multiple pdfs with page group included in a single page
> <./images/pdf/system.pdf

pdfTeX warning: /Library/TeX/texbin/pdflatex (file ./images/pdf/system.pdf): PD
F inclusion: multiple pdfs with page group included in a single page
> <./images/pdf/system.pdf

pdfTeX warning: /Library/TeX/texbin/pdflatex (file ./images/pdf/system.pdf): PD
F inclusion: multiple pdfs with page group included in a single page
> <./images/pdf/system.pdf

pdfTeX warning: /Library/TeX/texbin/pdflatex (file ./images/pdf/system.pdf): PD
F inclusion: multiple pdfs with page group included in a single page
>] [39]
<images/impacts.png, id=1083, 930.47626pt x 642.4pt>
File: images/impacts.png Graphic file (type png)
<use images/impacts.png>
Package pdftex.def Info: images/impacts.png  used on input line 755.
(pdftex.def)             Requested size: 418.25368pt x 288.75386pt.
 [40 <./images/impacts.png>] [41] [42] [43] [44] [45]
Underfull \hbox (badness 3118) in paragraph at lines 791--791
[]|\OT1/ppl/m/n/10 Impact ($)
 []


Overfull \hbox (5.36023pt too wide) in paragraph at lines 791--791
[]|\OT1/ppl/m/n/10 Likelihood
 []


Underfull \hbox (badness 10000) in paragraph at lines 791--792
[]|\OT1/ppl/m/n/10 Risk
 []


Overfull \hbox (2.64699pt too wide) in paragraph at lines 791--792
\OT1/ppl/m/n/10 (mean)| 
 []


Underfull \hbox (badness 10000) in paragraph at lines 793--793
[]|\OT1/ppl/m/n/10 Teleoperation Fa-cil-i-ties /
 []


Underfull \hbox (badness 10000) in paragraph at lines 793--793
[]|\OT1/ppl/m/n/10 [Vulnerability man-age-ment
 []


Underfull \hbox (badness 1303) in paragraph at lines 793--793
\OT1/ppl/m/n/10 tem pro-tec-tions for re-mote
 []


Underfull \hbox (badness 10000) in paragraph at lines 794--794
[]|\OT1/ppl/m/n/10 Teleoperation Fa-cil-i-ties /
 []


Underfull \hbox (badness 10000) in paragraph at lines 794--794
\OT1/ppl/m/n/10 WAN net-work-ing equip-
 []


Underfull \hbox (badness 10000) in paragraph at lines 794--794
[]|\OT1/ppl/m/n/10 [Two-factor au-then-ti-ca-tion,
 []


Underfull \hbox (badness 10000) in paragraph at lines 795--795
[]|\OT1/ppl/m/n/10 [Vulnerability man-age-ment
 []


Underfull \hbox (badness 1303) in paragraph at lines 795--795
\OT1/ppl/m/n/10 tem pro-tec-tions for re-mote
 []


Underfull \hbox (badness 10000) in paragraph at lines 796--796
[]|\OT1/ppl/m/n/10 Teleoperation Fa-cil-i-ties /
 []


Underfull \hbox (badness 10000) in paragraph at lines 796--796
[]|\OT1/ppl/m/n/10 [Anti-malware soft-ware,
 []


Underfull \hbox (badness 10000) in paragraph at lines 797--797
[]|\OT1/ppl/m/n/10 [Anti-malware soft-ware,
 []


Underfull \hbox (badness 10000) in paragraph at lines 799--799
[]|\OT1/ppl/m/n/10 Teleoperation Fa-cil-i-ties /
 []


Underfull \hbox (badness 6141) in paragraph at lines 799--799
[]|\OT1/ppl/m/n/10 [Physical se-cu-rity at tele-
 []


Underfull \hbox (badness 10000) in paragraph at lines 799--799
\OT1/ppl/m/n/10 op-er-a-tion fa-cil-i-ties, Au-
 []


Underfull \hbox (badness 10000) in paragraph at lines 799--799
\OT1/ppl/m/n/10 tonomous sys-tem pro-tec-
 []


Underfull \hbox (badness 2894) in paragraph at lines 800--800
[]|\OT1/ppl/m/n/10 [Physical se-cu-rity of ve-hi-
 []


Underfull \hbox (badness 1231) in paragraph at lines 801--801
\OT1/ppl/m/n/10 ve-hi-cle net-work by ex-ploit-ing
 []


Underfull \hbox (badness 10000) in paragraph at lines 801--801
[]|\OT1/ppl/m/n/10 [Vulnerability man-age-ment
 []


Underfull \hbox (badness 1303) in paragraph at lines 801--801
\OT1/ppl/m/n/10 tem pro-tec-tions for re-mote
 []


Underfull \hbox (badness 10000) in paragraph at lines 802--802
[]|\OT1/ppl/m/n/10 [Two-factor au-then-ti-ca-tion,
 []


Underfull \hbox (badness 10000) in paragraph at lines 803--803
[]|\OT1/ppl/m/n/10 [Background checks for
 []


Underfull \hbox (badness 1460) in paragraph at lines 807--807
[]|\OT1/ppl/m/n/10 Theft of a tele-op-er-a-tion com-
 []


Underfull \hbox (badness 10000) in paragraph at lines 807--807
[]|\OT1/ppl/m/n/10 Teleoperation Fa-cil-i-ties /
 []


Underfull \hbox (badness 2894) in paragraph at lines 808--808
[]|\OT1/ppl/m/n/10 [Physical se-cu-rity of ve-hi-
 []


Underfull \hbox (badness 1931) in paragraph at lines 809--809
[]|\OT1/ppl/m/n/10 Bumps dis-lodge ve-hi-cle com-
 []


Overfull \hbox (1.54726pt too wide) in paragraph at lines 809--810
[]|\OT1/ppl/m/n/10 116779| 
 []


Overfull \hbox (86.56175pt too wide) in alignment at lines 790--812
 [] [] [] [] [] [] [] 
 []


Underfull \hbox (badness 1092) in paragraph at lines 813--813
[]|\OT1/ppl/m/n/10 Hardware fail-ure of a ve-hi-cle
 []


Underfull \hbox (badness 5878) in paragraph at lines 814--814
[]|\OT1/ppl/m/n/10 Rain/snow/fog dis-rupts sen-
 []


Overfull \hbox (1.54726pt too wide) in paragraph at lines 815--816
[]|\OT1/ppl/m/n/10 116779| 
 []


Underfull \hbox (badness 2547) in paragraph at lines 816--816
[]|\OT1/ppl/m/n/10 Weather im-pacts cel-lu-lar net-
 []


Overfull \hbox (6.54726pt too wide) in paragraph at lines 816--817
[]|\OT1/ppl/m/n/10 3297442| 
 []


Overfull \hbox (86.56175pt too wide) in alignment at lines 812--819
 [] [] [] [] [] [] [] 
 []

[46

] [47] [48]
<images/ael.png, id=1150, 831.105pt x 576.7146pt>
File: images/ael.png Graphic file (type png)
<use images/ael.png>
Package pdftex.def Info: images/ael.png  used on input line 829.
(pdftex.def)             Requested size: 418.25368pt x 290.23097pt.


LaTeX Warning: `h' float specifier changed to `ht'.


Overfull \hbox (39.85127pt too wide) in paragraph at lines 841--854
 [] 
 []

[49

]

LaTeX Warning: `h' float specifier changed to `ht'.

<images/riskvscost.png, id=1161, 883.1394pt x 576.7146pt>
File: images/riskvscost.png Graphic file (type png)
<use images/riskvscost.png>
Package pdftex.def Info: images/riskvscost.png  used on input line 861.
(pdftex.def)             Requested size: 418.25368pt x 273.13268pt.

LaTeX Warning: `h' float specifier changed to `ht'.

[50 <./images/ael.png>] [51 <./images/riskvscost.png>] [52

] [53] [54] [55]
Underfull \hbox (badness 1237) in paragraph at lines 933--933
[]|\OT1/ppl/m/n/10 Incapable of oc-cur-rence. This
 []


Underfull \hbox (badness 1237) in paragraph at lines 933--933
[]|\OT1/ppl/m/n/10 Incapable of oc-cur-rence. This
 []


LaTeX Warning: `h' float specifier changed to `ht'.

[56] [57] (/usr/local/texlive/2018/texmf-dist/tex/latex/psnfss/omlppl.fd)
Underfull \hbox (badness 6842) in paragraph at lines 961--961
[]|\OML/cmm/m/it/10 >\OT1/ppl/m/n/10 10% op-er-at-ing
 []


Underfull \hbox (badness 3449) in paragraph at lines 961--961
[]|\OT1/ppl/m/n/10 Occur less than
 []


Underfull \hbox (badness 10000) in paragraph at lines 961--961
[]|\OT1/ppl/m/n/10 Situation that
 []


Underfull \hbox (badness 10000) in paragraph at lines 961--961
\OT1/ppl/m/n/10 oc-curs once a
 []


Underfull \hbox (badness 10000) in paragraph at lines 961--961
[]|\OT1/ppl/m/n/10 Situations that
 []


Underfull \hbox (badness 10000) in paragraph at lines 961--961
\OT1/ppl/m/n/10 oc-cur al-most
 []


Underfull \hbox (badness 2689) in paragraph at lines 971--971
[]|\OT1/ppl/m/n/10 Severe in-juries, pos-si-
 []


Underfull \hbox (badness 10000) in paragraph at lines 971--971
[]|\OT1/ppl/m/n/10 Life threat-en-ing in-
 []


Underfull \hbox (badness 2269) in paragraph at lines 971--971
\OT1/ppl/m/n/10 juries, sur-vival un-cer-
 []


Underfull \hbox (badness 2189) in paragraph at lines 982--982
[]|\OT1/ppl/m/n/10 Difficult to con-trol or
 []


Underfull \hbox (badness 2418) in paragraph at lines 982--982
[]|\OT1/ppl/m/n/10 Stopping a ve-hi-cle in
 []

[58

] [59] [60] [61]
Overfull \hbox (33.12518pt too wide) in paragraph at lines 1067--1067
[]\OT1/ppl/b/n/14.4 Appendix VI: PCI Data Se-cu-rity Stan-dard -- High Level Ov
erview 
 []


Underfull \hbox (badness 5533) in paragraph at lines 1084--1084
[]|\OT1/ppl/m/n/10 Maintain a Vul-ner-a-bil-ity
 []


Underfull \hbox (badness 1184) in paragraph at lines 1084--1084
[]|\OT1/ppl/m/n/10 Implement Strong Ac-cess
 []


Underfull \hbox (badness 10000) in paragraph at lines 1084--1084
[]|\OT1/ppl/m/n/10 Regularly Mon-i-tor and
 []


Underfull \hbox (badness 4024) in paragraph at lines 1084--1084
[]|\OT1/ppl/m/n/10 Maintain an In-for-ma-tion
 []

[62] (./main.gls) [63] (./main.bbl [64]
Underfull \hbox (badness 3386) in paragraph at lines 94--98
[]\OT1/ppl/m/n/10 R. Braden.  RFC 1122: Re-quire-ments for In-ter-net Hosts - C
om-mu-ni-ca-tion Lay-ers.
 []


Underfull \hbox (badness 10000) in paragraph at lines 137--142
[]\OT1/ppl/m/n/10 Bundesamt f[]ur Sicher-heit in der In-for-ma-tion-stech-nik. 
 El-e-men-tary Threats.
 []


Underfull \hbox (badness 10000) in paragraph at lines 137--142
\OT1/ppl/m/n/10 https://www.bsi.bund.de/EN/Topics/ITGrundschutz/Download/downlo
ad[]node.html,
 []


Underfull \hbox (badness 10000) in paragraph at lines 145--148
[]\OT1/ppl/m/n/10 Bureau of La-bor Statis-tics.  CPI-All Ur-ban Con-sumers (Cur
-rent Se-ries).
 []

[65] [66]
Underfull \hbox (badness 10000) in paragraph at lines 312--315
[]\OT1/ppl/m/n/10 FIRST.org, Inc.  Com-mon Vul-ner-a-bil-ity Scor-ing Sys-tem v
3.0.
 []

[67]
Underfull \hbox (badness 10000) in paragraph at lines 356--359
[]\OT1/ppl/m/n/10 J. P. Hol-brook and J. K. Reynolds.  RFC 1244: Site Se-cu-rit
y Hand-book.
 []


Underfull \hbox (badness 10000) in paragraph at lines 375--381
[]\OT1/ppl/m/n/10 International Or-ga-ni-za-tion for Stan-dard-iza-tion.  ISO/I
EC 7498 - In-for-ma-
 []


Underfull \hbox (badness 10000) in paragraph at lines 375--381
\OT1/ppl/m/n/10 tion tech-nol-ogy - Open Sys-tems In-ter-con-nec-tion - Ba-sic 
Ref-er-ence Model.
 []


Underfull \hbox (badness 10000) in paragraph at lines 375--381
\OT1/ppl/m/n/10 http://standards.iso.org/ittf/PubliclyAvailableStandards/s02026
9[]ISO[]IEC[]7498-
 []

[68]
Underfull \hbox (badness 10000) in paragraph at lines 410--414
[]\OT1/ppl/m/n/10 International Or-ga-ni-za-tion for Stan-dard-iza-tion.  ISO 3
1000 - Risk man-age-ment.
 []

[69] [70]
Underfull \hbox (badness 10000) in paragraph at lines 558--563
[]\OT1/ppl/m/n/10 Doug Markiewicz and Laura Ra-der-man.  Guide-lines for Data C
las-si-fi-ca-tion.
 []

[71]
Underfull \hbox (badness 5787) in paragraph at lines 638--641
[]\OT1/ppl/m/n/10 National In-sti-tute of Stan-dards and Tech-nol-ogy.  Na-tion
al Vul-ner-a-bil-ity Database.
 []


Underfull \hbox (badness 10000) in paragraph at lines 678--683
[]\OT1/ppl/m/n/10 Nissan Mo-tor Cor-po-ra-tion.  PRESS KIT: Nis-san In-tel-li-g
ent Mo-bil-ity at CES.
 []


Underfull \hbox (badness 10000) in paragraph at lines 678--683
\OT1/ppl/m/n/10 https://newsroom.nissan-global.com/releases/press-kit-nissan-in
telligent-mobility-at-
 []

[72]
Underfull \hbox (badness 10000) in paragraph at lines 697--701
[]\OT1/ppl/m/n/10 Open Web Ap-pli-ca-tion Se-cu-rity Project.  OWASP Risk Rat-i
ng Method-ol-ogy.
 []


Underfull \hbox (badness 10000) in paragraph at lines 704--708
[]\OT1/ppl/m/n/10 Open Web Ap-pli-ca-tion Se-cu-rity Project.  OWASP Top 10.
 []

[73] [74]
Underfull \hbox (badness 10000) in paragraph at lines 844--847
[]\OT1/ppl/m/n/10 The MITRE Cor-po-ra-tion.  Com-mon Vul-ner-a-bil-i-ties and E
x-po-sures (CVE).
 []


Underfull \hbox (badness 10000) in paragraph at lines 906--910
[]\OT1/ppl/m/n/10 Waymo.  Waymo Safety Re-port: On The Road to Fully Self-Drivi
ng.
 []

[75]) [76] [77]
Package atveryend Info: Empty hook `BeforeClearDocument' on input line 1108.
Package atveryend Info: Empty hook `AfterLastShipout' on input line 1108.
 (./main.aux)
Package atveryend Info: Executing hook `AtVeryEndDocument' on input line 1108.
Package atveryend Info: Executing hook `AtEndAfterFileList' on input line 1108.

Package rerunfilecheck Info: File `main.out' has not changed.
(rerunfilecheck)             Checksum: E100DBD1AE5CB44B690F76399EB60AC8;2582.
 ) 
Here is how much of TeX's memory you used:
 37777 strings out of 492639
 757327 string characters out of 6129301
 972426 words of memory out of 5000000
 40593 multiletter control sequences out of 15000+600000
 544378 words of font info for 49 fonts, out of 8000000 for 9000
 1141 hyphenation exceptions out of 8191
 55i,10n,73p,2153b,807s stack positions out of 5000i,500n,10000p,200000b,80000s
{/usr/local/texlive/2018/texmf-dist/fonts/enc/dvips/base/8r.enc}</usr/local/t
exlive/2018/texmf-dist/fonts/type1/public/amsfonts/cm/cmex10.pfb></usr/local/te
xlive/2018/texmf-dist/fonts/type1/public/amsfonts/cm/cmmi10.pfb></usr/local/tex
live/2018/texmf-dist/fonts/type1/public/amsfonts/cm/cmr10.pfb></usr/local/texli
ve/2018/texmf-dist/fonts/type1/public/amsfonts/cm/cmsy10.pfb></usr/local/texliv
e/2018/texmf-dist/fonts/type1/urw/courier/ucrr8a.pfb></usr/local/texlive/2018/t
exmf-dist/fonts/type1/urw/palatino/uplb8a.pfb></usr/local/texlive/2018/texmf-di
st/fonts/type1/urw/palatino/uplr8a.pfb></usr/local/texlive/2018/texmf-dist/font
s/type1/urw/palatino/uplri8a.pfb>
Output written on main.pdf (77 pages, 1219092 bytes).
PDF statistics:
 1563 PDF objects out of 1728 (max. 8388607)
 1362 compressed objects within 14 object streams
 366 named destinations out of 1000 (max. 500000)
 587 words of extra memory for PDF output out of 10000 (max. 10000000)

