\BOOKMARK [1][-]{section*.2}{List of Figures}{}% 1
\BOOKMARK [1][-]{section*.3}{List of Tables}{}% 2
\BOOKMARK [1][-]{section.1}{Introduction}{}% 3
\BOOKMARK [2][-]{subsection.1.1}{Benz and Stanley}{section.1}% 4
\BOOKMARK [2][-]{subsection.1.2}{Autonomous and Teleoperated Vehicles}{section.1}% 5
\BOOKMARK [2][-]{subsection.1.3}{Information Security and Vehicle Security}{section.1}% 6
\BOOKMARK [2][-]{subsection.1.4}{Risk}{section.1}% 7
\BOOKMARK [2][-]{subsection.1.5}{Controls}{section.1}% 8
\BOOKMARK [2][-]{subsection.1.6}{Risk Management}{section.1}% 9
\BOOKMARK [2][-]{subsection.1.7}{Risk Assessment}{section.1}% 10
\BOOKMARK [2][-]{subsection.1.8}{Risk Quantification}{section.1}% 11
\BOOKMARK [2][-]{subsection.1.9}{Research Questions and Contributions}{section.1}% 12
\BOOKMARK [2][-]{subsection.1.10}{Structure of the Thesis}{section.1}% 13
\BOOKMARK [1][-]{section.2}{Methods}{}% 14
\BOOKMARK [2][-]{subsection.2.1}{Prepare for Assessment}{section.2}% 15
\BOOKMARK [2][-]{subsection.2.2}{Conduct Assessment}{section.2}% 16
\BOOKMARK [3][-]{subsubsection.2.2.1}{Identify threat sources and events}{subsection.2.2}% 17
\BOOKMARK [3][-]{subsubsection.2.2.2}{Identify vulnerabilities and predisposing conditions}{subsection.2.2}% 18
\BOOKMARK [3][-]{subsubsection.2.2.3}{Determine likelihood of occurrence}{subsection.2.2}% 19
\BOOKMARK [3][-]{subsubsection.2.2.4}{Determine magnitude of impact}{subsection.2.2}% 20
\BOOKMARK [3][-]{subsubsection.2.2.5}{Determine risk}{subsection.2.2}% 21
\BOOKMARK [2][-]{subsection.2.3}{Communicate Results}{section.2}% 22
\BOOKMARK [2][-]{subsection.2.4}{Maintain Assessment}{section.2}% 23
\BOOKMARK [2][-]{subsection.2.5}{Optimization of Controls}{section.2}% 24
\BOOKMARK [1][-]{section.3}{Results}{}% 25
\BOOKMARK [2][-]{subsection.3.1}{Risk Assessment}{section.3}% 26
\BOOKMARK [2][-]{subsection.3.2}{Optimization of Controls}{section.3}% 27
\BOOKMARK [1][-]{section.4}{Discussion}{}% 28
\BOOKMARK [1][-]{section.5}{Conclusion}{}% 29
\BOOKMARK [1][-]{section.6}{Appendix I: MIL-STD-882E Risk Tables}{}% 30
\BOOKMARK [1][-]{section.7}{Appendix II: ASIL Risk Tables}{}% 31
\BOOKMARK [1][-]{section.8}{Appendix III: OWASP Risk Rating Methodology}{}% 32
\BOOKMARK [1][-]{section.9}{Appendix IV: Security Control Identifiers}{}% 33
\BOOKMARK [1][-]{section.10}{Appendix V: CIS Controls}{}% 34
\BOOKMARK [1][-]{section.11}{Appendix VI: PCI Data Security Standard \205 High Level Overview}{}% 35
\BOOKMARK [1][-]{section.12}{Glossary}{}% 36
\BOOKMARK [1][-]{section.13}{Bibliography}{}% 37
\BOOKMARK [1][-]{section.14}{Colophon}{}% 38
